-- Install configuration: ""
-- Execute custom install script
-- Up-to-date symlink: /home/fauzan/cobagazebo/install/robotverseny_description/share/robotverseny_description/models/diff_drive/model.config
-- Up-to-date symlink: /home/fauzan/cobagazebo/install/robotverseny_description/share/robotverseny_description/models/diff_drive/model.sdf
-- Up-to-date symlink: /home/fauzan/cobagazebo/install/robotverseny_description/share/robotverseny_description/models/roboworks/meshes/AsphaltTexture.png
-- Up-to-date symlink: /home/fauzan/cobagazebo/install/robotverseny_description/share/robotverseny_description/models/roboworks/meshes/chassis.dae
-- Up-to-date symlink: /home/fauzan/cobagazebo/install/robotverseny_description/share/robotverseny_description/models/roboworks/meshes/lidar.dae
-- Up-to-date symlink: /home/fauzan/cobagazebo/install/robotverseny_description/share/robotverseny_description/models/roboworks/meshes/textures/AsphaltTexture.png
-- Up-to-date symlink: /home/fauzan/cobagazebo/install/robotverseny_description/share/robotverseny_description/models/roboworks/meshes/textures/concrete.png
-- Up-to-date symlink: /home/fauzan/cobagazebo/install/robotverseny_description/share/robotverseny_description/models/roboworks/meshes/tire.dae
-- Up-to-date symlink: /home/fauzan/cobagazebo/install/robotverseny_description/share/robotverseny_description/models/roboworks/meshes/trackWalls.dae
-- Up-to-date symlink: /home/fauzan/cobagazebo/install/robotverseny_description/share/robotverseny_description/models/roboworks/meshes/track_road.dae
-- Up-to-date symlink: /home/fauzan/cobagazebo/install/robotverseny_description/share/robotverseny_description/models/roboworks/meshes/track_stripes.dae
-- Up-to-date symlink: /home/fauzan/cobagazebo/install/robotverseny_description/share/robotverseny_description/models/roboworks/meshes/track_walls.dae
-- Up-to-date symlink: /home/fauzan/cobagazebo/install/robotverseny_description/share/robotverseny_description/models/roboworks/meshes/wheel.dae
-- Up-to-date symlink: /home/fauzan/cobagazebo/install/robotverseny_description/share/robotverseny_description/models/roboworks/model.config
-- Up-to-date symlink: /home/fauzan/cobagazebo/install/robotverseny_description/share/robotverseny_description/models/roboworks/model.sdf
-- Up-to-date symlink: /home/fauzan/cobagazebo/install/robotverseny_description/share/robotverseny_description/models/rrbot/model.sdf
-- Up-to-date symlink: /home/fauzan/cobagazebo/install/robotverseny_description/share/robotverseny_description/environment/robotverseny_description.dsv
-- Up-to-date symlink: /home/fauzan/cobagazebo/install/robotverseny_description/share/robotverseny_description/environment/robotverseny_description.sh
-- Up-to-date symlink: /home/fauzan/cobagazebo/install/robotverseny_description/share/ament_index/resource_index/package_run_dependencies/robotverseny_description
-- Up-to-date symlink: /home/fauzan/cobagazebo/install/robotverseny_description/share/ament_index/resource_index/parent_prefix_path/robotverseny_description
-- Up-to-date symlink: /home/fauzan/cobagazebo/install/robotverseny_description/share/robotverseny_description/environment/ament_prefix_path.sh
-- Up-to-date symlink: /home/fauzan/cobagazebo/install/robotverseny_description/share/robotverseny_description/environment/ament_prefix_path.dsv
-- Up-to-date symlink: /home/fauzan/cobagazebo/install/robotverseny_description/share/robotverseny_description/environment/path.sh
-- Up-to-date symlink: /home/fauzan/cobagazebo/install/robotverseny_description/share/robotverseny_description/environment/path.dsv
-- Up-to-date symlink: /home/fauzan/cobagazebo/install/robotverseny_description/share/robotverseny_description/local_setup.bash
-- Up-to-date symlink: /home/fauzan/cobagazebo/install/robotverseny_description/share/robotverseny_description/local_setup.sh
-- Up-to-date symlink: /home/fauzan/cobagazebo/install/robotverseny_description/share/robotverseny_description/local_setup.zsh
-- Up-to-date symlink: /home/fauzan/cobagazebo/install/robotverseny_description/share/robotverseny_description/local_setup.dsv
-- Symlinking: /home/fauzan/cobagazebo/install/robotverseny_description/share/robotverseny_description/package.dsv
-- Up-to-date symlink: /home/fauzan/cobagazebo/install/robotverseny_description/share/ament_index/resource_index/packages/robotverseny_description
-- Up-to-date symlink: /home/fauzan/cobagazebo/install/robotverseny_description/share/robotverseny_description/cmake/robotverseny_descriptionConfig.cmake
-- Up-to-date symlink: /home/fauzan/cobagazebo/install/robotverseny_description/share/robotverseny_description/cmake/robotverseny_descriptionConfig-version.cmake
-- Up-to-date symlink: /home/fauzan/cobagazebo/install/robotverseny_description/share/robotverseny_description/package.xml
