[0.273s] DEBUG:colcon:Command line arguments: ['/usr/bin/colcon', 'build', '--symlink-install', '--packages-select', 'robotverseny_application', 'robotverseny_description', 'robotverseny_bringup', 'robotverseny_gazebo']
[0.273s] DEBUG:colcon:Parsed command line arguments: Namespace(log_base=None, log_level=None, verb_name='build', build_base='build', install_base='install', merge_install=False, symlink_install=True, test_result_base=None, continue_on_error=False, executor='parallel', parallel_workers=8, event_handlers=None, ignore_user_meta=False, metas=['./colcon.meta'], base_paths=['.'], packages_ignore=None, packages_ignore_regex=None, paths=None, packages_up_to=None, packages_up_to_regex=None, packages_above=None, packages_above_and_dependencies=None, packages_above_depth=None, packages_select_by_dep=None, packages_skip_by_dep=None, packages_skip_up_to=None, packages_select_build_failed=False, packages_skip_build_finished=False, packages_select_test_failures=False, packages_skip_test_passed=False, packages_select=['robotverseny_application', 'robotverseny_description', 'robotverseny_bringup', 'robotverseny_gazebo'], packages_skip=None, packages_select_regex=None, packages_skip_regex=None, packages_start=None, packages_end=None, allow_overriding=[], cmake_args=None, cmake_target=None, cmake_target_skip_unavailable=False, cmake_clean_cache=False, cmake_clean_first=False, cmake_force_configure=False, ament_cmake_args=None, catkin_cmake_args=None, catkin_skip_building_tests=False, mixin_files=None, mixin=None, verb_parser=<colcon_mixin.mixin.mixin_argument.MixinArgumentDecorator object at 0x7fb6ebe113f0>, verb_extension=<colcon_core.verb.build.BuildVerb object at 0x7fb6ebfa1c00>, main=<bound method BuildVerb.main of <colcon_core.verb.build.BuildVerb object at 0x7fb6ebfa1c00>>, mixin_verb=('build',))
[0.639s] Level 1:colcon.colcon_core.package_discovery:discover_packages(colcon_meta) check parameters
[0.639s] Level 1:colcon.colcon_core.package_discovery:discover_packages(recursive) check parameters
[0.639s] Level 1:colcon.colcon_core.package_discovery:discover_packages(ignore) check parameters
[0.639s] Level 1:colcon.colcon_core.package_discovery:discover_packages(path) check parameters
[0.639s] Level 1:colcon.colcon_core.package_discovery:discover_packages(colcon_meta) discover
[0.639s] Level 1:colcon.colcon_core.package_discovery:discover_packages(recursive) discover
[0.639s] INFO:colcon.colcon_core.package_discovery:Crawling recursively for packages in '/home/fauzan/cobagazebo'
[0.639s] Level 1:colcon.colcon_core.package_identification:_identify(.) by extensions ['ignore', 'ignore_ament_install']
[0.640s] Level 1:colcon.colcon_core.package_identification:_identify(.) by extension 'ignore'
[0.640s] Level 1:colcon.colcon_core.package_identification:_identify(.) by extension 'ignore_ament_install'
[0.640s] Level 1:colcon.colcon_core.package_identification:_identify(.) by extensions ['colcon_pkg']
[0.640s] Level 1:colcon.colcon_core.package_identification:_identify(.) by extension 'colcon_pkg'
[0.640s] Level 1:colcon.colcon_core.package_identification:_identify(.) by extensions ['colcon_meta']
[0.640s] Level 1:colcon.colcon_core.package_identification:_identify(.) by extension 'colcon_meta'
[0.640s] Level 1:colcon.colcon_core.package_identification:_identify(.) by extensions ['ros']
[0.640s] Level 1:colcon.colcon_core.package_identification:_identify(.) by extension 'ros'
[0.668s] Level 1:colcon.colcon_core.package_identification:_identify(.) by extensions ['cmake', 'python']
[0.668s] Level 1:colcon.colcon_core.package_identification:_identify(.) by extension 'cmake'
[0.668s] Level 1:colcon.colcon_core.package_identification:_identify(.) by extension 'python'
[0.668s] Level 1:colcon.colcon_core.package_identification:_identify(.) by extensions ['python_setup_py']
[0.668s] Level 1:colcon.colcon_core.package_identification:_identify(.) by extension 'python_setup_py'
[0.669s] Level 1:colcon.colcon_core.package_identification:_identify(build) by extensions ['ignore', 'ignore_ament_install']
[0.669s] Level 1:colcon.colcon_core.package_identification:_identify(build) by extension 'ignore'
[0.669s] Level 1:colcon.colcon_core.package_identification:_identify(build) ignored
[0.669s] Level 1:colcon.colcon_core.package_identification:_identify(install) by extensions ['ignore', 'ignore_ament_install']
[0.669s] Level 1:colcon.colcon_core.package_identification:_identify(install) by extension 'ignore'
[0.670s] Level 1:colcon.colcon_core.package_identification:_identify(install) ignored
[0.670s] Level 1:colcon.colcon_core.package_identification:_identify(log) by extensions ['ignore', 'ignore_ament_install']
[0.670s] Level 1:colcon.colcon_core.package_identification:_identify(log) by extension 'ignore'
[0.670s] Level 1:colcon.colcon_core.package_identification:_identify(log) ignored
[0.670s] Level 1:colcon.colcon_core.package_identification:_identify(src) by extensions ['ignore', 'ignore_ament_install']
[0.670s] Level 1:colcon.colcon_core.package_identification:_identify(src) by extension 'ignore'
[0.670s] Level 1:colcon.colcon_core.package_identification:_identify(src) by extension 'ignore_ament_install'
[0.670s] Level 1:colcon.colcon_core.package_identification:_identify(src) by extensions ['colcon_pkg']
[0.670s] Level 1:colcon.colcon_core.package_identification:_identify(src) by extension 'colcon_pkg'
[0.670s] Level 1:colcon.colcon_core.package_identification:_identify(src) by extensions ['colcon_meta']
[0.670s] Level 1:colcon.colcon_core.package_identification:_identify(src) by extension 'colcon_meta'
[0.671s] Level 1:colcon.colcon_core.package_identification:_identify(src) by extensions ['ros']
[0.671s] Level 1:colcon.colcon_core.package_identification:_identify(src) by extension 'ros'
[0.671s] Level 1:colcon.colcon_core.package_identification:_identify(src) by extensions ['cmake', 'python']
[0.671s] Level 1:colcon.colcon_core.package_identification:_identify(src) by extension 'cmake'
[0.671s] Level 1:colcon.colcon_core.package_identification:_identify(src) by extension 'python'
[0.671s] Level 1:colcon.colcon_core.package_identification:_identify(src) by extensions ['python_setup_py']
[0.671s] Level 1:colcon.colcon_core.package_identification:_identify(src) by extension 'python_setup_py'
[0.671s] Level 1:colcon.colcon_core.package_identification:_identify(src/robotverseny) by extensions ['ignore', 'ignore_ament_install']
[0.671s] Level 1:colcon.colcon_core.package_identification:_identify(src/robotverseny) by extension 'ignore'
[0.671s] Level 1:colcon.colcon_core.package_identification:_identify(src/robotverseny) by extension 'ignore_ament_install'
[0.671s] Level 1:colcon.colcon_core.package_identification:_identify(src/robotverseny) by extensions ['colcon_pkg']
[0.672s] Level 1:colcon.colcon_core.package_identification:_identify(src/robotverseny) by extension 'colcon_pkg'
[0.672s] Level 1:colcon.colcon_core.package_identification:_identify(src/robotverseny) by extensions ['colcon_meta']
[0.672s] Level 1:colcon.colcon_core.package_identification:_identify(src/robotverseny) by extension 'colcon_meta'
[0.672s] Level 1:colcon.colcon_core.package_identification:_identify(src/robotverseny) by extensions ['ros']
[0.672s] Level 1:colcon.colcon_core.package_identification:_identify(src/robotverseny) by extension 'ros'
[0.672s] Level 1:colcon.colcon_core.package_identification:_identify(src/robotverseny) by extensions ['cmake', 'python']
[0.672s] Level 1:colcon.colcon_core.package_identification:_identify(src/robotverseny) by extension 'cmake'
[0.672s] Level 1:colcon.colcon_core.package_identification:_identify(src/robotverseny) by extension 'python'
[0.672s] Level 1:colcon.colcon_core.package_identification:_identify(src/robotverseny) by extensions ['python_setup_py']
[0.672s] Level 1:colcon.colcon_core.package_identification:_identify(src/robotverseny) by extension 'python_setup_py'
[0.672s] Level 1:colcon.colcon_core.package_identification:_identify(src/robotverseny/img) by extensions ['ignore', 'ignore_ament_install']
[0.672s] Level 1:colcon.colcon_core.package_identification:_identify(src/robotverseny/img) by extension 'ignore'
[0.673s] Level 1:colcon.colcon_core.package_identification:_identify(src/robotverseny/img) by extension 'ignore_ament_install'
[0.673s] Level 1:colcon.colcon_core.package_identification:_identify(src/robotverseny/img) by extensions ['colcon_pkg']
[0.673s] Level 1:colcon.colcon_core.package_identification:_identify(src/robotverseny/img) by extension 'colcon_pkg'
[0.673s] Level 1:colcon.colcon_core.package_identification:_identify(src/robotverseny/img) by extensions ['colcon_meta']
[0.673s] Level 1:colcon.colcon_core.package_identification:_identify(src/robotverseny/img) by extension 'colcon_meta'
[0.673s] Level 1:colcon.colcon_core.package_identification:_identify(src/robotverseny/img) by extensions ['ros']
[0.673s] Level 1:colcon.colcon_core.package_identification:_identify(src/robotverseny/img) by extension 'ros'
[0.673s] Level 1:colcon.colcon_core.package_identification:_identify(src/robotverseny/img) by extensions ['cmake', 'python']
[0.673s] Level 1:colcon.colcon_core.package_identification:_identify(src/robotverseny/img) by extension 'cmake'
[0.673s] Level 1:colcon.colcon_core.package_identification:_identify(src/robotverseny/img) by extension 'python'
[0.673s] Level 1:colcon.colcon_core.package_identification:_identify(src/robotverseny/img) by extensions ['python_setup_py']
[0.673s] Level 1:colcon.colcon_core.package_identification:_identify(src/robotverseny/img) by extension 'python_setup_py'
[0.674s] Level 1:colcon.colcon_core.package_identification:_identify(src/robotverseny/robotverseny_application) by extensions ['ignore', 'ignore_ament_install']
[0.674s] Level 1:colcon.colcon_core.package_identification:_identify(src/robotverseny/robotverseny_application) by extension 'ignore'
[0.674s] Level 1:colcon.colcon_core.package_identification:_identify(src/robotverseny/robotverseny_application) by extension 'ignore_ament_install'
[0.674s] Level 1:colcon.colcon_core.package_identification:_identify(src/robotverseny/robotverseny_application) by extensions ['colcon_pkg']
[0.674s] Level 1:colcon.colcon_core.package_identification:_identify(src/robotverseny/robotverseny_application) by extension 'colcon_pkg'
[0.674s] Level 1:colcon.colcon_core.package_identification:_identify(src/robotverseny/robotverseny_application) by extensions ['colcon_meta']
[0.674s] Level 1:colcon.colcon_core.package_identification:_identify(src/robotverseny/robotverseny_application) by extension 'colcon_meta'
[0.674s] Level 1:colcon.colcon_core.package_identification:_identify(src/robotverseny/robotverseny_application) by extensions ['ros']
[0.674s] Level 1:colcon.colcon_core.package_identification:_identify(src/robotverseny/robotverseny_application) by extension 'ros'
[0.680s] DEBUG:colcon.colcon_core.package_identification:Package 'src/robotverseny/robotverseny_application' with type 'ros.ament_cmake' and name 'robotverseny_application'
[0.681s] Level 1:colcon.colcon_core.package_identification:_identify(src/robotverseny/robotverseny_bringup) by extensions ['ignore', 'ignore_ament_install']
[0.681s] Level 1:colcon.colcon_core.package_identification:_identify(src/robotverseny/robotverseny_bringup) by extension 'ignore'
[0.681s] Level 1:colcon.colcon_core.package_identification:_identify(src/robotverseny/robotverseny_bringup) by extension 'ignore_ament_install'
[0.681s] Level 1:colcon.colcon_core.package_identification:_identify(src/robotverseny/robotverseny_bringup) by extensions ['colcon_pkg']
[0.681s] Level 1:colcon.colcon_core.package_identification:_identify(src/robotverseny/robotverseny_bringup) by extension 'colcon_pkg'
[0.681s] Level 1:colcon.colcon_core.package_identification:_identify(src/robotverseny/robotverseny_bringup) by extensions ['colcon_meta']
[0.681s] Level 1:colcon.colcon_core.package_identification:_identify(src/robotverseny/robotverseny_bringup) by extension 'colcon_meta'
[0.681s] Level 1:colcon.colcon_core.package_identification:_identify(src/robotverseny/robotverseny_bringup) by extensions ['ros']
[0.681s] Level 1:colcon.colcon_core.package_identification:_identify(src/robotverseny/robotverseny_bringup) by extension 'ros'
[0.683s] DEBUG:colcon.colcon_core.package_identification:Package 'src/robotverseny/robotverseny_bringup' with type 'ros.ament_cmake' and name 'robotverseny_bringup'
[0.683s] Level 1:colcon.colcon_core.package_identification:_identify(src/robotverseny/robotverseny_description) by extensions ['ignore', 'ignore_ament_install']
[0.683s] Level 1:colcon.colcon_core.package_identification:_identify(src/robotverseny/robotverseny_description) by extension 'ignore'
[0.683s] Level 1:colcon.colcon_core.package_identification:_identify(src/robotverseny/robotverseny_description) by extension 'ignore_ament_install'
[0.683s] Level 1:colcon.colcon_core.package_identification:_identify(src/robotverseny/robotverseny_description) by extensions ['colcon_pkg']
[0.683s] Level 1:colcon.colcon_core.package_identification:_identify(src/robotverseny/robotverseny_description) by extension 'colcon_pkg'
[0.683s] Level 1:colcon.colcon_core.package_identification:_identify(src/robotverseny/robotverseny_description) by extensions ['colcon_meta']
[0.683s] Level 1:colcon.colcon_core.package_identification:_identify(src/robotverseny/robotverseny_description) by extension 'colcon_meta'
[0.683s] Level 1:colcon.colcon_core.package_identification:_identify(src/robotverseny/robotverseny_description) by extensions ['ros']
[0.683s] Level 1:colcon.colcon_core.package_identification:_identify(src/robotverseny/robotverseny_description) by extension 'ros'
[0.684s] DEBUG:colcon.colcon_core.package_identification:Package 'src/robotverseny/robotverseny_description' with type 'ros.ament_cmake' and name 'robotverseny_description'
[0.684s] Level 1:colcon.colcon_core.package_identification:_identify(src/robotverseny/robotverseny_gazebo) by extensions ['ignore', 'ignore_ament_install']
[0.684s] Level 1:colcon.colcon_core.package_identification:_identify(src/robotverseny/robotverseny_gazebo) by extension 'ignore'
[0.684s] Level 1:colcon.colcon_core.package_identification:_identify(src/robotverseny/robotverseny_gazebo) by extension 'ignore_ament_install'
[0.684s] Level 1:colcon.colcon_core.package_identification:_identify(src/robotverseny/robotverseny_gazebo) by extensions ['colcon_pkg']
[0.684s] Level 1:colcon.colcon_core.package_identification:_identify(src/robotverseny/robotverseny_gazebo) by extension 'colcon_pkg'
[0.684s] Level 1:colcon.colcon_core.package_identification:_identify(src/robotverseny/robotverseny_gazebo) by extensions ['colcon_meta']
[0.684s] Level 1:colcon.colcon_core.package_identification:_identify(src/robotverseny/robotverseny_gazebo) by extension 'colcon_meta'
[0.684s] Level 1:colcon.colcon_core.package_identification:_identify(src/robotverseny/robotverseny_gazebo) by extensions ['ros']
[0.684s] Level 1:colcon.colcon_core.package_identification:_identify(src/robotverseny/robotverseny_gazebo) by extension 'ros'
[0.685s] DEBUG:colcon.colcon_core.package_identification:Package 'src/robotverseny/robotverseny_gazebo' with type 'ros.ament_cmake' and name 'robotverseny_gazebo'
[0.685s] Level 1:colcon.colcon_core.package_discovery:discover_packages(recursive) using defaults
[0.685s] Level 1:colcon.colcon_core.package_discovery:discover_packages(ignore) discover
[0.685s] Level 1:colcon.colcon_core.package_discovery:discover_packages(ignore) using defaults
[0.685s] Level 1:colcon.colcon_core.package_discovery:discover_packages(path) discover
[0.685s] Level 1:colcon.colcon_core.package_discovery:discover_packages(path) using defaults
[0.735s] Level 1:colcon.colcon_core.package_discovery:discover_packages(prefix_path) check parameters
[0.735s] Level 1:colcon.colcon_core.package_discovery:discover_packages(prefix_path) discover
[0.740s] WARNING:colcon.colcon_ros.prefix_path.ament:The path '/home/fauzan/cobagazebo/install/robotverseny_bringup' in the environment variable AMENT_PREFIX_PATH doesn't exist
[0.740s] WARNING:colcon.colcon_ros.prefix_path.ament:The path '/home/fauzan/cobagazebo/install/robotverseny_gazebo' in the environment variable AMENT_PREFIX_PATH doesn't exist
[0.740s] WARNING:colcon.colcon_ros.prefix_path.ament:The path '/home/fauzan/cobagazebo/install/robotverseny_description' in the environment variable AMENT_PREFIX_PATH doesn't exist
[0.740s] WARNING:colcon.colcon_ros.prefix_path.ament:The path '/home/fauzan/cobagazebo/install/robotverseny_application' in the environment variable AMENT_PREFIX_PATH doesn't exist
[0.740s] WARNING:colcon.colcon_ros.prefix_path.catkin:The path '/home/fauzan/cobagazebo/install/robotverseny_bringup' in the environment variable CMAKE_PREFIX_PATH doesn't exist
[0.741s] WARNING:colcon.colcon_ros.prefix_path.catkin:The path '/home/fauzan/cobagazebo/install/robotverseny_gazebo' in the environment variable CMAKE_PREFIX_PATH doesn't exist
[0.741s] WARNING:colcon.colcon_ros.prefix_path.catkin:The path '/home/fauzan/cobagazebo/install/robotverseny_description' in the environment variable CMAKE_PREFIX_PATH doesn't exist
[0.741s] WARNING:colcon.colcon_ros.prefix_path.catkin:The path '/home/fauzan/cobagazebo/install/robotverseny_application' in the environment variable CMAKE_PREFIX_PATH doesn't exist
[0.743s] DEBUG:colcon.colcon_installed_package_information.package_discovery:Found 0 installed packages in /home/fauzan/cobagazebo/install
[0.746s] DEBUG:colcon.colcon_installed_package_information.package_discovery:Found 299 installed packages in /opt/ros/humble
[0.748s] Level 1:colcon.colcon_core.package_discovery:discover_packages(prefix_path) using defaults
[0.816s] Level 5:colcon.colcon_core.verb:set package 'robotverseny_application' build argument 'cmake_args' from command line to 'None'
[0.816s] Level 5:colcon.colcon_core.verb:set package 'robotverseny_application' build argument 'cmake_target' from command line to 'None'
[0.816s] Level 5:colcon.colcon_core.verb:set package 'robotverseny_application' build argument 'cmake_target_skip_unavailable' from command line to 'False'
[0.816s] Level 5:colcon.colcon_core.verb:set package 'robotverseny_application' build argument 'cmake_clean_cache' from command line to 'False'
[0.816s] Level 5:colcon.colcon_core.verb:set package 'robotverseny_application' build argument 'cmake_clean_first' from command line to 'False'
[0.816s] Level 5:colcon.colcon_core.verb:set package 'robotverseny_application' build argument 'cmake_force_configure' from command line to 'False'
[0.816s] Level 5:colcon.colcon_core.verb:set package 'robotverseny_application' build argument 'ament_cmake_args' from command line to 'None'
[0.816s] Level 5:colcon.colcon_core.verb:set package 'robotverseny_application' build argument 'catkin_cmake_args' from command line to 'None'
[0.816s] Level 5:colcon.colcon_core.verb:set package 'robotverseny_application' build argument 'catkin_skip_building_tests' from command line to 'False'
[0.816s] DEBUG:colcon.colcon_core.verb:Building package 'robotverseny_application' with the following arguments: {'ament_cmake_args': None, 'build_base': '/home/fauzan/cobagazebo/build/robotverseny_application', 'catkin_cmake_args': None, 'catkin_skip_building_tests': False, 'cmake_args': None, 'cmake_clean_cache': False, 'cmake_clean_first': False, 'cmake_force_configure': False, 'cmake_target': None, 'cmake_target_skip_unavailable': False, 'install_base': '/home/fauzan/cobagazebo/install/robotverseny_application', 'merge_install': False, 'path': '/home/fauzan/cobagazebo/src/robotverseny/robotverseny_application', 'symlink_install': True, 'test_result_base': None}
[0.817s] Level 5:colcon.colcon_core.verb:set package 'robotverseny_description' build argument 'cmake_args' from command line to 'None'
[0.817s] Level 5:colcon.colcon_core.verb:set package 'robotverseny_description' build argument 'cmake_target' from command line to 'None'
[0.817s] Level 5:colcon.colcon_core.verb:set package 'robotverseny_description' build argument 'cmake_target_skip_unavailable' from command line to 'False'
[0.817s] Level 5:colcon.colcon_core.verb:set package 'robotverseny_description' build argument 'cmake_clean_cache' from command line to 'False'
[0.817s] Level 5:colcon.colcon_core.verb:set package 'robotverseny_description' build argument 'cmake_clean_first' from command line to 'False'
[0.817s] Level 5:colcon.colcon_core.verb:set package 'robotverseny_description' build argument 'cmake_force_configure' from command line to 'False'
[0.817s] Level 5:colcon.colcon_core.verb:set package 'robotverseny_description' build argument 'ament_cmake_args' from command line to 'None'
[0.817s] Level 5:colcon.colcon_core.verb:set package 'robotverseny_description' build argument 'catkin_cmake_args' from command line to 'None'
[0.817s] Level 5:colcon.colcon_core.verb:set package 'robotverseny_description' build argument 'catkin_skip_building_tests' from command line to 'False'
[0.817s] DEBUG:colcon.colcon_core.verb:Building package 'robotverseny_description' with the following arguments: {'ament_cmake_args': None, 'build_base': '/home/fauzan/cobagazebo/build/robotverseny_description', 'catkin_cmake_args': None, 'catkin_skip_building_tests': False, 'cmake_args': None, 'cmake_clean_cache': False, 'cmake_clean_first': False, 'cmake_force_configure': False, 'cmake_target': None, 'cmake_target_skip_unavailable': False, 'install_base': '/home/fauzan/cobagazebo/install/robotverseny_description', 'merge_install': False, 'path': '/home/fauzan/cobagazebo/src/robotverseny/robotverseny_description', 'symlink_install': True, 'test_result_base': None}
[0.817s] Level 5:colcon.colcon_core.verb:set package 'robotverseny_gazebo' build argument 'cmake_args' from command line to 'None'
[0.817s] Level 5:colcon.colcon_core.verb:set package 'robotverseny_gazebo' build argument 'cmake_target' from command line to 'None'
[0.817s] Level 5:colcon.colcon_core.verb:set package 'robotverseny_gazebo' build argument 'cmake_target_skip_unavailable' from command line to 'False'
[0.817s] Level 5:colcon.colcon_core.verb:set package 'robotverseny_gazebo' build argument 'cmake_clean_cache' from command line to 'False'
[0.817s] Level 5:colcon.colcon_core.verb:set package 'robotverseny_gazebo' build argument 'cmake_clean_first' from command line to 'False'
[0.817s] Level 5:colcon.colcon_core.verb:set package 'robotverseny_gazebo' build argument 'cmake_force_configure' from command line to 'False'
[0.817s] Level 5:colcon.colcon_core.verb:set package 'robotverseny_gazebo' build argument 'ament_cmake_args' from command line to 'None'
[0.817s] Level 5:colcon.colcon_core.verb:set package 'robotverseny_gazebo' build argument 'catkin_cmake_args' from command line to 'None'
[0.817s] Level 5:colcon.colcon_core.verb:set package 'robotverseny_gazebo' build argument 'catkin_skip_building_tests' from command line to 'False'
[0.817s] DEBUG:colcon.colcon_core.verb:Building package 'robotverseny_gazebo' with the following arguments: {'ament_cmake_args': None, 'build_base': '/home/fauzan/cobagazebo/build/robotverseny_gazebo', 'catkin_cmake_args': None, 'catkin_skip_building_tests': False, 'cmake_args': None, 'cmake_clean_cache': False, 'cmake_clean_first': False, 'cmake_force_configure': False, 'cmake_target': None, 'cmake_target_skip_unavailable': False, 'install_base': '/home/fauzan/cobagazebo/install/robotverseny_gazebo', 'merge_install': False, 'path': '/home/fauzan/cobagazebo/src/robotverseny/robotverseny_gazebo', 'symlink_install': True, 'test_result_base': None}
[0.817s] Level 5:colcon.colcon_core.verb:set package 'robotverseny_bringup' build argument 'cmake_args' from command line to 'None'
[0.818s] Level 5:colcon.colcon_core.verb:set package 'robotverseny_bringup' build argument 'cmake_target' from command line to 'None'
[0.818s] Level 5:colcon.colcon_core.verb:set package 'robotverseny_bringup' build argument 'cmake_target_skip_unavailable' from command line to 'False'
[0.818s] Level 5:colcon.colcon_core.verb:set package 'robotverseny_bringup' build argument 'cmake_clean_cache' from command line to 'False'
[0.818s] Level 5:colcon.colcon_core.verb:set package 'robotverseny_bringup' build argument 'cmake_clean_first' from command line to 'False'
[0.818s] Level 5:colcon.colcon_core.verb:set package 'robotverseny_bringup' build argument 'cmake_force_configure' from command line to 'False'
[0.818s] Level 5:colcon.colcon_core.verb:set package 'robotverseny_bringup' build argument 'ament_cmake_args' from command line to 'None'
[0.818s] Level 5:colcon.colcon_core.verb:set package 'robotverseny_bringup' build argument 'catkin_cmake_args' from command line to 'None'
[0.818s] Level 5:colcon.colcon_core.verb:set package 'robotverseny_bringup' build argument 'catkin_skip_building_tests' from command line to 'False'
[0.818s] DEBUG:colcon.colcon_core.verb:Building package 'robotverseny_bringup' with the following arguments: {'ament_cmake_args': None, 'build_base': '/home/fauzan/cobagazebo/build/robotverseny_bringup', 'catkin_cmake_args': None, 'catkin_skip_building_tests': False, 'cmake_args': None, 'cmake_clean_cache': False, 'cmake_clean_first': False, 'cmake_force_configure': False, 'cmake_target': None, 'cmake_target_skip_unavailable': False, 'install_base': '/home/fauzan/cobagazebo/install/robotverseny_bringup', 'merge_install': False, 'path': '/home/fauzan/cobagazebo/src/robotverseny/robotverseny_bringup', 'symlink_install': True, 'test_result_base': None}
[0.818s] INFO:colcon.colcon_core.executor:Executing jobs using 'parallel' executor
[0.819s] DEBUG:colcon.colcon_parallel_executor.executor.parallel:run_until_complete
[0.819s] INFO:colcon.colcon_ros.task.ament_cmake.build:Building ROS package in '/home/fauzan/cobagazebo/src/robotverseny/robotverseny_description' with build type 'ament_cmake'
[0.819s] INFO:colcon.colcon_cmake.task.cmake.build:Building CMake package in '/home/fauzan/cobagazebo/src/robotverseny/robotverseny_description'
[0.829s] INFO:colcon.colcon_core.plugin_system:Skipping extension 'colcon_core.shell.bat': Not used on non-Windows systems
[0.829s] INFO:colcon.colcon_core.shell:Skip shell extension 'powershell' for command environment: Not usable outside of PowerShell
[0.829s] DEBUG:colcon.colcon_core.shell:Skip shell extension 'dsv' for command environment
[0.833s] INFO:colcon.colcon_ros.task.ament_cmake.build:Building ROS package in '/home/fauzan/cobagazebo/src/robotverseny/robotverseny_application' with build type 'ament_cmake'
[0.833s] INFO:colcon.colcon_cmake.task.cmake.build:Building CMake package in '/home/fauzan/cobagazebo/src/robotverseny/robotverseny_application'
[0.834s] INFO:colcon.colcon_core.shell:Skip shell extension 'powershell' for command environment: Not usable outside of PowerShell
[0.834s] DEBUG:colcon.colcon_core.shell:Skip shell extension 'dsv' for command environment
[0.846s] DEBUG:colcon.colcon_core.event_handler.log_command:Invoking command in '/home/fauzan/cobagazebo/build/robotverseny_description': CMAKE_PREFIX_PATH=${CMAKE_PREFIX_PATH}:/opt/ros/humble /usr/bin/cmake /home/fauzan/cobagazebo/src/robotverseny/robotverseny_description -DAMENT_CMAKE_SYMLINK_INSTALL=1 -DCMAKE_INSTALL_PREFIX=/home/fauzan/cobagazebo/install/robotverseny_description
[0.851s] DEBUG:colcon.colcon_core.event_handler.log_command:Invoking command in '/home/fauzan/cobagazebo/build/robotverseny_application': CMAKE_PREFIX_PATH=${CMAKE_PREFIX_PATH}:/opt/ros/humble /usr/bin/cmake /home/fauzan/cobagazebo/src/robotverseny/robotverseny_application -DAMENT_CMAKE_SYMLINK_INSTALL=1 -DCMAKE_INSTALL_PREFIX=/home/fauzan/cobagazebo/install/robotverseny_application
[2.469s] DEBUG:colcon.colcon_core.event_handler.log_command:Invoked command in '/home/fauzan/cobagazebo/build/robotverseny_application' returned '0': CMAKE_PREFIX_PATH=${CMAKE_PREFIX_PATH}:/opt/ros/humble /usr/bin/cmake /home/fauzan/cobagazebo/src/robotverseny/robotverseny_application -DAMENT_CMAKE_SYMLINK_INSTALL=1 -DCMAKE_INSTALL_PREFIX=/home/fauzan/cobagazebo/install/robotverseny_application
[2.471s] DEBUG:colcon.colcon_core.event_handler.log_command:Invoking command in '/home/fauzan/cobagazebo/build/robotverseny_application': CMAKE_PREFIX_PATH=${CMAKE_PREFIX_PATH}:/opt/ros/humble /usr/bin/cmake --build /home/fauzan/cobagazebo/build/robotverseny_application -- -j8 -l8
[2.472s] DEBUG:colcon.colcon_core.event_handler.log_command:Invoked command in '/home/fauzan/cobagazebo/build/robotverseny_description' returned '0': CMAKE_PREFIX_PATH=${CMAKE_PREFIX_PATH}:/opt/ros/humble /usr/bin/cmake /home/fauzan/cobagazebo/src/robotverseny/robotverseny_description -DAMENT_CMAKE_SYMLINK_INSTALL=1 -DCMAKE_INSTALL_PREFIX=/home/fauzan/cobagazebo/install/robotverseny_description
[2.475s] DEBUG:colcon.colcon_core.event_handler.log_command:Invoking command in '/home/fauzan/cobagazebo/build/robotverseny_description': CMAKE_PREFIX_PATH=${CMAKE_PREFIX_PATH}:/opt/ros/humble /usr/bin/cmake --build /home/fauzan/cobagazebo/build/robotverseny_description -- -j8 -l8
[2.503s] DEBUG:colcon.colcon_core.event_handler.log_command:Invoked command in '/home/fauzan/cobagazebo/build/robotverseny_application' returned '0': CMAKE_PREFIX_PATH=${CMAKE_PREFIX_PATH}:/opt/ros/humble /usr/bin/cmake --build /home/fauzan/cobagazebo/build/robotverseny_application -- -j8 -l8
[2.508s] DEBUG:colcon.colcon_core.event_handler.log_command:Invoked command in '/home/fauzan/cobagazebo/build/robotverseny_description' returned '0': CMAKE_PREFIX_PATH=${CMAKE_PREFIX_PATH}:/opt/ros/humble /usr/bin/cmake --build /home/fauzan/cobagazebo/build/robotverseny_description -- -j8 -l8
[2.533s] DEBUG:colcon.colcon_core.event_handler.log_command:Invoking command in '/home/fauzan/cobagazebo/build/robotverseny_application': CMAKE_PREFIX_PATH=${CMAKE_PREFIX_PATH}:/opt/ros/humble /usr/bin/cmake --install /home/fauzan/cobagazebo/build/robotverseny_application
[2.537s] DEBUG:colcon.colcon_core.event_handler.log_command:Invoking command in '/home/fauzan/cobagazebo/build/robotverseny_description': CMAKE_PREFIX_PATH=${CMAKE_PREFIX_PATH}:/opt/ros/humble /usr/bin/cmake --install /home/fauzan/cobagazebo/build/robotverseny_description
[2.657s] Level 1:colcon.colcon_core.environment:create_environment_scripts_only(robotverseny_application)
[2.659s] DEBUG:colcon.colcon_core.event_handler.log_command:Invoked command in '/home/fauzan/cobagazebo/build/robotverseny_application' returned '0': CMAKE_PREFIX_PATH=${CMAKE_PREFIX_PATH}:/opt/ros/humble /usr/bin/cmake --install /home/fauzan/cobagazebo/build/robotverseny_application
[2.668s] Level 1:colcon.colcon_core.environment:checking '/home/fauzan/cobagazebo/install/robotverseny_application' for CMake module files
[2.669s] Level 1:colcon.colcon_core.environment:checking '/home/fauzan/cobagazebo/install/robotverseny_application' for CMake config files
[2.669s] Level 1:colcon.colcon_core.shell:create_environment_hook('robotverseny_application', 'cmake_prefix_path')
[2.669s] INFO:colcon.colcon_core.shell:Creating environment hook '/home/fauzan/cobagazebo/install/robotverseny_application/share/robotverseny_application/hook/cmake_prefix_path.ps1'
[2.671s] INFO:colcon.colcon_core.shell:Creating environment descriptor '/home/fauzan/cobagazebo/install/robotverseny_application/share/robotverseny_application/hook/cmake_prefix_path.dsv'
[2.672s] INFO:colcon.colcon_core.shell:Creating environment hook '/home/fauzan/cobagazebo/install/robotverseny_application/share/robotverseny_application/hook/cmake_prefix_path.sh'
[2.673s] Level 1:colcon.colcon_core.environment:checking '/home/fauzan/cobagazebo/install/robotverseny_application/bin'
[2.673s] Level 1:colcon.colcon_core.environment:checking '/home/fauzan/cobagazebo/install/robotverseny_application/lib/pkgconfig/robotverseny_application.pc'
[2.674s] Level 1:colcon.colcon_core.environment:checking '/home/fauzan/cobagazebo/install/robotverseny_application/lib/python3.10/site-packages'
[2.674s] Level 1:colcon.colcon_core.environment:checking '/home/fauzan/cobagazebo/install/robotverseny_application/bin'
[2.674s] INFO:colcon.colcon_core.shell:Creating package script '/home/fauzan/cobagazebo/install/robotverseny_application/share/robotverseny_application/package.ps1'
[2.675s] INFO:colcon.colcon_core.shell:Creating package descriptor '/home/fauzan/cobagazebo/install/robotverseny_application/share/robotverseny_application/package.dsv'
[2.676s] INFO:colcon.colcon_core.shell:Creating package script '/home/fauzan/cobagazebo/install/robotverseny_application/share/robotverseny_application/package.sh'
[2.677s] INFO:colcon.colcon_core.shell:Creating package script '/home/fauzan/cobagazebo/install/robotverseny_application/share/robotverseny_application/package.bash'
[2.679s] INFO:colcon.colcon_core.shell:Creating package script '/home/fauzan/cobagazebo/install/robotverseny_application/share/robotverseny_application/package.zsh'
[2.680s] Level 1:colcon.colcon_core.environment:create_file_with_runtime_dependencies(/home/fauzan/cobagazebo/install/robotverseny_application/share/colcon-core/packages/robotverseny_application)
[2.700s] Level 1:colcon.colcon_core.environment:create_environment_scripts_only(robotverseny_application)
[2.700s] Level 1:colcon.colcon_core.environment:checking '/home/fauzan/cobagazebo/install/robotverseny_application' for CMake module files
[2.702s] Level 1:colcon.colcon_core.environment:checking '/home/fauzan/cobagazebo/install/robotverseny_application' for CMake config files
[2.702s] Level 1:colcon.colcon_core.shell:create_environment_hook('robotverseny_application', 'cmake_prefix_path')
[2.703s] INFO:colcon.colcon_core.shell:Creating environment hook '/home/fauzan/cobagazebo/install/robotverseny_application/share/robotverseny_application/hook/cmake_prefix_path.ps1'
[2.703s] INFO:colcon.colcon_core.shell:Creating environment descriptor '/home/fauzan/cobagazebo/install/robotverseny_application/share/robotverseny_application/hook/cmake_prefix_path.dsv'
[2.704s] INFO:colcon.colcon_core.shell:Creating environment hook '/home/fauzan/cobagazebo/install/robotverseny_application/share/robotverseny_application/hook/cmake_prefix_path.sh'
[2.704s] Level 1:colcon.colcon_core.environment:checking '/home/fauzan/cobagazebo/install/robotverseny_application/bin'
[2.705s] Level 1:colcon.colcon_core.environment:checking '/home/fauzan/cobagazebo/install/robotverseny_application/lib/pkgconfig/robotverseny_application.pc'
[2.705s] Level 1:colcon.colcon_core.environment:checking '/home/fauzan/cobagazebo/install/robotverseny_application/lib/python3.10/site-packages'
[2.705s] Level 1:colcon.colcon_core.environment:checking '/home/fauzan/cobagazebo/install/robotverseny_application/bin'
[2.706s] INFO:colcon.colcon_core.shell:Creating package script '/home/fauzan/cobagazebo/install/robotverseny_application/share/robotverseny_application/package.ps1'
[2.706s] INFO:colcon.colcon_core.shell:Creating package descriptor '/home/fauzan/cobagazebo/install/robotverseny_application/share/robotverseny_application/package.dsv'
[2.707s] INFO:colcon.colcon_core.shell:Creating package script '/home/fauzan/cobagazebo/install/robotverseny_application/share/robotverseny_application/package.sh'
[2.707s] INFO:colcon.colcon_core.shell:Creating package script '/home/fauzan/cobagazebo/install/robotverseny_application/share/robotverseny_application/package.bash'
[2.708s] INFO:colcon.colcon_core.shell:Creating package script '/home/fauzan/cobagazebo/install/robotverseny_application/share/robotverseny_application/package.zsh'
[2.708s] Level 1:colcon.colcon_core.environment:create_file_with_runtime_dependencies(/home/fauzan/cobagazebo/install/robotverseny_application/share/colcon-core/packages/robotverseny_application)
[2.799s] Level 1:colcon.colcon_core.environment:create_environment_scripts_only(robotverseny_description)
[2.800s] Level 1:colcon.colcon_core.environment:checking '/home/fauzan/cobagazebo/install/robotverseny_description' for CMake module files
[2.801s] DEBUG:colcon.colcon_core.event_handler.log_command:Invoked command in '/home/fauzan/cobagazebo/build/robotverseny_description' returned '0': CMAKE_PREFIX_PATH=${CMAKE_PREFIX_PATH}:/opt/ros/humble /usr/bin/cmake --install /home/fauzan/cobagazebo/build/robotverseny_description
[2.801s] Level 1:colcon.colcon_core.environment:checking '/home/fauzan/cobagazebo/install/robotverseny_description' for CMake config files
[2.801s] Level 1:colcon.colcon_core.shell:create_environment_hook('robotverseny_description', 'cmake_prefix_path')
[2.802s] INFO:colcon.colcon_core.shell:Creating environment hook '/home/fauzan/cobagazebo/install/robotverseny_description/share/robotverseny_description/hook/cmake_prefix_path.ps1'
[2.802s] INFO:colcon.colcon_core.shell:Creating environment descriptor '/home/fauzan/cobagazebo/install/robotverseny_description/share/robotverseny_description/hook/cmake_prefix_path.dsv'
[2.802s] INFO:colcon.colcon_core.shell:Creating environment hook '/home/fauzan/cobagazebo/install/robotverseny_description/share/robotverseny_description/hook/cmake_prefix_path.sh'
[2.803s] Level 1:colcon.colcon_core.environment:checking '/home/fauzan/cobagazebo/install/robotverseny_description/bin'
[2.803s] Level 1:colcon.colcon_core.environment:checking '/home/fauzan/cobagazebo/install/robotverseny_description/lib/pkgconfig/robotverseny_description.pc'
[2.803s] Level 1:colcon.colcon_core.environment:checking '/home/fauzan/cobagazebo/install/robotverseny_description/lib/python3.10/site-packages'
[2.803s] Level 1:colcon.colcon_core.environment:checking '/home/fauzan/cobagazebo/install/robotverseny_description/bin'
[2.804s] INFO:colcon.colcon_core.shell:Creating package script '/home/fauzan/cobagazebo/install/robotverseny_description/share/robotverseny_description/package.ps1'
[2.804s] INFO:colcon.colcon_core.shell:Creating package descriptor '/home/fauzan/cobagazebo/install/robotverseny_description/share/robotverseny_description/package.dsv'
[2.805s] INFO:colcon.colcon_core.shell:Creating package script '/home/fauzan/cobagazebo/install/robotverseny_description/share/robotverseny_description/package.sh'
[2.805s] INFO:colcon.colcon_core.shell:Creating package script '/home/fauzan/cobagazebo/install/robotverseny_description/share/robotverseny_description/package.bash'
[2.805s] INFO:colcon.colcon_core.shell:Creating package script '/home/fauzan/cobagazebo/install/robotverseny_description/share/robotverseny_description/package.zsh'
[2.806s] Level 1:colcon.colcon_core.environment:create_file_with_runtime_dependencies(/home/fauzan/cobagazebo/install/robotverseny_description/share/colcon-core/packages/robotverseny_description)
[2.826s] Level 1:colcon.colcon_core.environment:create_environment_scripts_only(robotverseny_description)
[2.827s] Level 1:colcon.colcon_core.environment:checking '/home/fauzan/cobagazebo/install/robotverseny_description' for CMake module files
[2.827s] Level 1:colcon.colcon_core.environment:checking '/home/fauzan/cobagazebo/install/robotverseny_description' for CMake config files
[2.827s] Level 1:colcon.colcon_core.shell:create_environment_hook('robotverseny_description', 'cmake_prefix_path')
[2.828s] INFO:colcon.colcon_core.shell:Creating environment hook '/home/fauzan/cobagazebo/install/robotverseny_description/share/robotverseny_description/hook/cmake_prefix_path.ps1'
[2.828s] INFO:colcon.colcon_core.shell:Creating environment descriptor '/home/fauzan/cobagazebo/install/robotverseny_description/share/robotverseny_description/hook/cmake_prefix_path.dsv'
[2.828s] INFO:colcon.colcon_core.shell:Creating environment hook '/home/fauzan/cobagazebo/install/robotverseny_description/share/robotverseny_description/hook/cmake_prefix_path.sh'
[2.829s] Level 1:colcon.colcon_core.environment:checking '/home/fauzan/cobagazebo/install/robotverseny_description/bin'
[2.829s] Level 1:colcon.colcon_core.environment:checking '/home/fauzan/cobagazebo/install/robotverseny_description/lib/pkgconfig/robotverseny_description.pc'
[2.829s] Level 1:colcon.colcon_core.environment:checking '/home/fauzan/cobagazebo/install/robotverseny_description/lib/python3.10/site-packages'
[2.829s] Level 1:colcon.colcon_core.environment:checking '/home/fauzan/cobagazebo/install/robotverseny_description/bin'
[2.830s] INFO:colcon.colcon_core.shell:Creating package script '/home/fauzan/cobagazebo/install/robotverseny_description/share/robotverseny_description/package.ps1'
[2.830s] INFO:colcon.colcon_core.shell:Creating package descriptor '/home/fauzan/cobagazebo/install/robotverseny_description/share/robotverseny_description/package.dsv'
[2.831s] INFO:colcon.colcon_core.shell:Creating package script '/home/fauzan/cobagazebo/install/robotverseny_description/share/robotverseny_description/package.sh'
[2.831s] INFO:colcon.colcon_core.shell:Creating package script '/home/fauzan/cobagazebo/install/robotverseny_description/share/robotverseny_description/package.bash'
[2.831s] INFO:colcon.colcon_core.shell:Creating package script '/home/fauzan/cobagazebo/install/robotverseny_description/share/robotverseny_description/package.zsh'
[2.832s] Level 1:colcon.colcon_core.environment:create_file_with_runtime_dependencies(/home/fauzan/cobagazebo/install/robotverseny_description/share/colcon-core/packages/robotverseny_description)
[2.832s] INFO:colcon.colcon_ros.task.ament_cmake.build:Building ROS package in '/home/fauzan/cobagazebo/src/robotverseny/robotverseny_gazebo' with build type 'ament_cmake'
[2.832s] INFO:colcon.colcon_cmake.task.cmake.build:Building CMake package in '/home/fauzan/cobagazebo/src/robotverseny/robotverseny_gazebo'
[2.833s] INFO:colcon.colcon_core.shell:Skip shell extension 'powershell' for command environment: Not usable outside of PowerShell
[2.833s] DEBUG:colcon.colcon_core.shell:Skip shell extension 'dsv' for command environment
[2.893s] DEBUG:colcon.colcon_core.event_handler.log_command:Invoking command in '/home/fauzan/cobagazebo/build/robotverseny_gazebo': CMAKE_PREFIX_PATH=/home/fauzan/cobagazebo/install/robotverseny_description:/home/fauzan/cobagazebo/install/robotverseny_bringup:/home/fauzan/cobagazebo/install/robotverseny_gazebo:/home/fauzan/cobagazebo/install/robotverseny_application:/opt/ros/humble IGN_GAZEBO_RESOURCE_PATH=/home/fauzan/cobagazebo/install/robotverseny_description/share/robotverseny_description/models:${IGN_GAZEBO_RESOURCE_PATH} /usr/bin/cmake /home/fauzan/cobagazebo/src/robotverseny/robotverseny_gazebo -DAMENT_CMAKE_SYMLINK_INSTALL=1 -DCMAKE_INSTALL_PREFIX=/home/fauzan/cobagazebo/install/robotverseny_gazebo
[15.411s] DEBUG:colcon.colcon_core.event_handler.log_command:Invoked command in '/home/fauzan/cobagazebo/build/robotverseny_gazebo' returned '0': CMAKE_PREFIX_PATH=/home/fauzan/cobagazebo/install/robotverseny_description:/home/fauzan/cobagazebo/install/robotverseny_bringup:/home/fauzan/cobagazebo/install/robotverseny_gazebo:/home/fauzan/cobagazebo/install/robotverseny_application:/opt/ros/humble IGN_GAZEBO_RESOURCE_PATH=/home/fauzan/cobagazebo/install/robotverseny_description/share/robotverseny_description/models:${IGN_GAZEBO_RESOURCE_PATH} /usr/bin/cmake /home/fauzan/cobagazebo/src/robotverseny/robotverseny_gazebo -DAMENT_CMAKE_SYMLINK_INSTALL=1 -DCMAKE_INSTALL_PREFIX=/home/fauzan/cobagazebo/install/robotverseny_gazebo
[15.414s] DEBUG:colcon.colcon_core.event_handler.log_command:Invoking command in '/home/fauzan/cobagazebo/build/robotverseny_gazebo': CMAKE_PREFIX_PATH=/home/fauzan/cobagazebo/install/robotverseny_description:/home/fauzan/cobagazebo/install/robotverseny_bringup:/home/fauzan/cobagazebo/install/robotverseny_gazebo:/home/fauzan/cobagazebo/install/robotverseny_application:/opt/ros/humble IGN_GAZEBO_RESOURCE_PATH=/home/fauzan/cobagazebo/install/robotverseny_description/share/robotverseny_description/models:${IGN_GAZEBO_RESOURCE_PATH} /usr/bin/cmake --build /home/fauzan/cobagazebo/build/robotverseny_gazebo -- -j8 -l8
[21.676s] DEBUG:colcon.colcon_core.event_handler.log_command:Invoked command in '/home/fauzan/cobagazebo/build/robotverseny_gazebo' returned '0': CMAKE_PREFIX_PATH=/home/fauzan/cobagazebo/install/robotverseny_description:/home/fauzan/cobagazebo/install/robotverseny_bringup:/home/fauzan/cobagazebo/install/robotverseny_gazebo:/home/fauzan/cobagazebo/install/robotverseny_application:/opt/ros/humble IGN_GAZEBO_RESOURCE_PATH=/home/fauzan/cobagazebo/install/robotverseny_description/share/robotverseny_description/models:${IGN_GAZEBO_RESOURCE_PATH} /usr/bin/cmake --build /home/fauzan/cobagazebo/build/robotverseny_gazebo -- -j8 -l8
[21.717s] DEBUG:colcon.colcon_core.event_handler.log_command:Invoking command in '/home/fauzan/cobagazebo/build/robotverseny_gazebo': CMAKE_PREFIX_PATH=/home/fauzan/cobagazebo/install/robotverseny_description:/home/fauzan/cobagazebo/install/robotverseny_bringup:/home/fauzan/cobagazebo/install/robotverseny_gazebo:/home/fauzan/cobagazebo/install/robotverseny_application:/opt/ros/humble IGN_GAZEBO_RESOURCE_PATH=/home/fauzan/cobagazebo/install/robotverseny_description/share/robotverseny_description/models:${IGN_GAZEBO_RESOURCE_PATH} /usr/bin/cmake --install /home/fauzan/cobagazebo/build/robotverseny_gazebo
[22.027s] Level 1:colcon.colcon_core.environment:create_environment_scripts_only(robotverseny_gazebo)
[22.027s] Level 1:colcon.colcon_core.environment:checking '/home/fauzan/cobagazebo/install/robotverseny_gazebo' for CMake module files
[22.029s] DEBUG:colcon.colcon_core.event_handler.log_command:Invoked command in '/home/fauzan/cobagazebo/build/robotverseny_gazebo' returned '0': CMAKE_PREFIX_PATH=/home/fauzan/cobagazebo/install/robotverseny_description:/home/fauzan/cobagazebo/install/robotverseny_bringup:/home/fauzan/cobagazebo/install/robotverseny_gazebo:/home/fauzan/cobagazebo/install/robotverseny_application:/opt/ros/humble IGN_GAZEBO_RESOURCE_PATH=/home/fauzan/cobagazebo/install/robotverseny_description/share/robotverseny_description/models:${IGN_GAZEBO_RESOURCE_PATH} /usr/bin/cmake --install /home/fauzan/cobagazebo/build/robotverseny_gazebo
[22.029s] Level 1:colcon.colcon_core.environment:checking '/home/fauzan/cobagazebo/install/robotverseny_gazebo' for CMake config files
[22.030s] Level 1:colcon.colcon_core.shell:create_environment_hook('robotverseny_gazebo', 'cmake_prefix_path')
[22.030s] INFO:colcon.colcon_core.shell:Creating environment hook '/home/fauzan/cobagazebo/install/robotverseny_gazebo/share/robotverseny_gazebo/hook/cmake_prefix_path.ps1'
[22.031s] INFO:colcon.colcon_core.shell:Creating environment descriptor '/home/fauzan/cobagazebo/install/robotverseny_gazebo/share/robotverseny_gazebo/hook/cmake_prefix_path.dsv'
[22.032s] INFO:colcon.colcon_core.shell:Creating environment hook '/home/fauzan/cobagazebo/install/robotverseny_gazebo/share/robotverseny_gazebo/hook/cmake_prefix_path.sh'
[22.032s] Level 1:colcon.colcon_core.environment:checking '/home/fauzan/cobagazebo/install/robotverseny_gazebo/lib'
[22.033s] Level 1:colcon.colcon_core.environment:checking '/home/fauzan/cobagazebo/install/robotverseny_gazebo/bin'
[22.033s] Level 1:colcon.colcon_core.environment:checking '/home/fauzan/cobagazebo/install/robotverseny_gazebo/lib/pkgconfig/robotverseny_gazebo.pc'
[22.033s] Level 1:colcon.colcon_core.environment:checking '/home/fauzan/cobagazebo/install/robotverseny_gazebo/lib/python3.10/site-packages'
[22.034s] Level 1:colcon.colcon_core.environment:checking '/home/fauzan/cobagazebo/install/robotverseny_gazebo/bin'
[22.034s] INFO:colcon.colcon_core.shell:Creating package script '/home/fauzan/cobagazebo/install/robotverseny_gazebo/share/robotverseny_gazebo/package.ps1'
[22.035s] INFO:colcon.colcon_core.shell:Creating package descriptor '/home/fauzan/cobagazebo/install/robotverseny_gazebo/share/robotverseny_gazebo/package.dsv'
[22.036s] INFO:colcon.colcon_core.shell:Creating package script '/home/fauzan/cobagazebo/install/robotverseny_gazebo/share/robotverseny_gazebo/package.sh'
[22.036s] INFO:colcon.colcon_core.shell:Creating package script '/home/fauzan/cobagazebo/install/robotverseny_gazebo/share/robotverseny_gazebo/package.bash'
[22.037s] INFO:colcon.colcon_core.shell:Creating package script '/home/fauzan/cobagazebo/install/robotverseny_gazebo/share/robotverseny_gazebo/package.zsh'
[22.037s] Level 1:colcon.colcon_core.environment:create_file_with_runtime_dependencies(/home/fauzan/cobagazebo/install/robotverseny_gazebo/share/colcon-core/packages/robotverseny_gazebo)
[22.076s] Level 1:colcon.colcon_core.environment:create_environment_scripts_only(robotverseny_gazebo)
[22.076s] Level 1:colcon.colcon_core.environment:checking '/home/fauzan/cobagazebo/install/robotverseny_gazebo' for CMake module files
[22.076s] Level 1:colcon.colcon_core.environment:checking '/home/fauzan/cobagazebo/install/robotverseny_gazebo' for CMake config files
[22.077s] Level 1:colcon.colcon_core.shell:create_environment_hook('robotverseny_gazebo', 'cmake_prefix_path')
[22.077s] INFO:colcon.colcon_core.shell:Creating environment hook '/home/fauzan/cobagazebo/install/robotverseny_gazebo/share/robotverseny_gazebo/hook/cmake_prefix_path.ps1'
[22.077s] INFO:colcon.colcon_core.shell:Creating environment descriptor '/home/fauzan/cobagazebo/install/robotverseny_gazebo/share/robotverseny_gazebo/hook/cmake_prefix_path.dsv'
[22.078s] INFO:colcon.colcon_core.shell:Creating environment hook '/home/fauzan/cobagazebo/install/robotverseny_gazebo/share/robotverseny_gazebo/hook/cmake_prefix_path.sh'
[22.078s] Level 1:colcon.colcon_core.environment:checking '/home/fauzan/cobagazebo/install/robotverseny_gazebo/lib'
[22.078s] Level 1:colcon.colcon_core.environment:checking '/home/fauzan/cobagazebo/install/robotverseny_gazebo/bin'
[22.078s] Level 1:colcon.colcon_core.environment:checking '/home/fauzan/cobagazebo/install/robotverseny_gazebo/lib/pkgconfig/robotverseny_gazebo.pc'
[22.079s] Level 1:colcon.colcon_core.environment:checking '/home/fauzan/cobagazebo/install/robotverseny_gazebo/lib/python3.10/site-packages'
[22.079s] Level 1:colcon.colcon_core.environment:checking '/home/fauzan/cobagazebo/install/robotverseny_gazebo/bin'
[22.079s] INFO:colcon.colcon_core.shell:Creating package script '/home/fauzan/cobagazebo/install/robotverseny_gazebo/share/robotverseny_gazebo/package.ps1'
[22.079s] INFO:colcon.colcon_core.shell:Creating package descriptor '/home/fauzan/cobagazebo/install/robotverseny_gazebo/share/robotverseny_gazebo/package.dsv'
[22.080s] INFO:colcon.colcon_core.shell:Creating package script '/home/fauzan/cobagazebo/install/robotverseny_gazebo/share/robotverseny_gazebo/package.sh'
[22.080s] INFO:colcon.colcon_core.shell:Creating package script '/home/fauzan/cobagazebo/install/robotverseny_gazebo/share/robotverseny_gazebo/package.bash'
[22.080s] INFO:colcon.colcon_core.shell:Creating package script '/home/fauzan/cobagazebo/install/robotverseny_gazebo/share/robotverseny_gazebo/package.zsh'
[22.081s] Level 1:colcon.colcon_core.environment:create_file_with_runtime_dependencies(/home/fauzan/cobagazebo/install/robotverseny_gazebo/share/colcon-core/packages/robotverseny_gazebo)
[22.081s] INFO:colcon.colcon_ros.task.ament_cmake.build:Building ROS package in '/home/fauzan/cobagazebo/src/robotverseny/robotverseny_bringup' with build type 'ament_cmake'
[22.081s] INFO:colcon.colcon_cmake.task.cmake.build:Building CMake package in '/home/fauzan/cobagazebo/src/robotverseny/robotverseny_bringup'
[22.082s] INFO:colcon.colcon_core.shell:Skip shell extension 'powershell' for command environment: Not usable outside of PowerShell
[22.082s] DEBUG:colcon.colcon_core.shell:Skip shell extension 'dsv' for command environment
[22.190s] DEBUG:colcon.colcon_core.event_handler.log_command:Invoking command in '/home/fauzan/cobagazebo/build/robotverseny_bringup': CMAKE_PREFIX_PATH=/home/fauzan/cobagazebo/install/robotverseny_gazebo:/home/fauzan/cobagazebo/install/robotverseny_description:/home/fauzan/cobagazebo/install/robotverseny_bringup:/home/fauzan/cobagazebo/install/robotverseny_application:/opt/ros/humble IGN_GAZEBO_PLUGIN_PATH=/home/fauzan/cobagazebo/install/robotverseny_gazebo/lib/robotverseny_gazebo IGN_GAZEBO_RESOURCE_PATH=/home/fauzan/cobagazebo/install/robotverseny_description/share/robotverseny_description/models:${IGN_GAZEBO_RESOURCE_PATH} /usr/bin/cmake /home/fauzan/cobagazebo/src/robotverseny/robotverseny_bringup -DAMENT_CMAKE_SYMLINK_INSTALL=1 -DCMAKE_INSTALL_PREFIX=/home/fauzan/cobagazebo/install/robotverseny_bringup
[24.528s] DEBUG:colcon.colcon_core.event_handler.log_command:Invoked command in '/home/fauzan/cobagazebo/build/robotverseny_bringup' returned '0': CMAKE_PREFIX_PATH=/home/fauzan/cobagazebo/install/robotverseny_gazebo:/home/fauzan/cobagazebo/install/robotverseny_description:/home/fauzan/cobagazebo/install/robotverseny_bringup:/home/fauzan/cobagazebo/install/robotverseny_application:/opt/ros/humble IGN_GAZEBO_PLUGIN_PATH=/home/fauzan/cobagazebo/install/robotverseny_gazebo/lib/robotverseny_gazebo IGN_GAZEBO_RESOURCE_PATH=/home/fauzan/cobagazebo/install/robotverseny_description/share/robotverseny_description/models:${IGN_GAZEBO_RESOURCE_PATH} /usr/bin/cmake /home/fauzan/cobagazebo/src/robotverseny/robotverseny_bringup -DAMENT_CMAKE_SYMLINK_INSTALL=1 -DCMAKE_INSTALL_PREFIX=/home/fauzan/cobagazebo/install/robotverseny_bringup
[24.529s] DEBUG:colcon.colcon_core.event_handler.log_command:Invoking command in '/home/fauzan/cobagazebo/build/robotverseny_bringup': CMAKE_PREFIX_PATH=/home/fauzan/cobagazebo/install/robotverseny_gazebo:/home/fauzan/cobagazebo/install/robotverseny_description:/home/fauzan/cobagazebo/install/robotverseny_bringup:/home/fauzan/cobagazebo/install/robotverseny_application:/opt/ros/humble IGN_GAZEBO_PLUGIN_PATH=/home/fauzan/cobagazebo/install/robotverseny_gazebo/lib/robotverseny_gazebo IGN_GAZEBO_RESOURCE_PATH=/home/fauzan/cobagazebo/install/robotverseny_description/share/robotverseny_description/models:${IGN_GAZEBO_RESOURCE_PATH} /usr/bin/cmake --build /home/fauzan/cobagazebo/build/robotverseny_bringup -- -j8 -l8
[24.565s] DEBUG:colcon.colcon_core.event_handler.log_command:Invoked command in '/home/fauzan/cobagazebo/build/robotverseny_bringup' returned '0': CMAKE_PREFIX_PATH=/home/fauzan/cobagazebo/install/robotverseny_gazebo:/home/fauzan/cobagazebo/install/robotverseny_description:/home/fauzan/cobagazebo/install/robotverseny_bringup:/home/fauzan/cobagazebo/install/robotverseny_application:/opt/ros/humble IGN_GAZEBO_PLUGIN_PATH=/home/fauzan/cobagazebo/install/robotverseny_gazebo/lib/robotverseny_gazebo IGN_GAZEBO_RESOURCE_PATH=/home/fauzan/cobagazebo/install/robotverseny_description/share/robotverseny_description/models:${IGN_GAZEBO_RESOURCE_PATH} /usr/bin/cmake --build /home/fauzan/cobagazebo/build/robotverseny_bringup -- -j8 -l8
[24.585s] DEBUG:colcon.colcon_core.event_handler.log_command:Invoking command in '/home/fauzan/cobagazebo/build/robotverseny_bringup': CMAKE_PREFIX_PATH=/home/fauzan/cobagazebo/install/robotverseny_gazebo:/home/fauzan/cobagazebo/install/robotverseny_description:/home/fauzan/cobagazebo/install/robotverseny_bringup:/home/fauzan/cobagazebo/install/robotverseny_application:/opt/ros/humble IGN_GAZEBO_PLUGIN_PATH=/home/fauzan/cobagazebo/install/robotverseny_gazebo/lib/robotverseny_gazebo IGN_GAZEBO_RESOURCE_PATH=/home/fauzan/cobagazebo/install/robotverseny_description/share/robotverseny_description/models:${IGN_GAZEBO_RESOURCE_PATH} /usr/bin/cmake --install /home/fauzan/cobagazebo/build/robotverseny_bringup
[24.771s] Level 1:colcon.colcon_core.environment:create_environment_scripts_only(robotverseny_bringup)
[24.772s] Level 1:colcon.colcon_core.environment:checking '/home/fauzan/cobagazebo/install/robotverseny_bringup' for CMake module files
[24.772s] DEBUG:colcon.colcon_core.event_handler.log_command:Invoked command in '/home/fauzan/cobagazebo/build/robotverseny_bringup' returned '0': CMAKE_PREFIX_PATH=/home/fauzan/cobagazebo/install/robotverseny_gazebo:/home/fauzan/cobagazebo/install/robotverseny_description:/home/fauzan/cobagazebo/install/robotverseny_bringup:/home/fauzan/cobagazebo/install/robotverseny_application:/opt/ros/humble IGN_GAZEBO_PLUGIN_PATH=/home/fauzan/cobagazebo/install/robotverseny_gazebo/lib/robotverseny_gazebo IGN_GAZEBO_RESOURCE_PATH=/home/fauzan/cobagazebo/install/robotverseny_description/share/robotverseny_description/models:${IGN_GAZEBO_RESOURCE_PATH} /usr/bin/cmake --install /home/fauzan/cobagazebo/build/robotverseny_bringup
[24.773s] Level 1:colcon.colcon_core.environment:checking '/home/fauzan/cobagazebo/install/robotverseny_bringup' for CMake config files
[24.773s] Level 1:colcon.colcon_core.shell:create_environment_hook('robotverseny_bringup', 'cmake_prefix_path')
[24.773s] INFO:colcon.colcon_core.shell:Creating environment hook '/home/fauzan/cobagazebo/install/robotverseny_bringup/share/robotverseny_bringup/hook/cmake_prefix_path.ps1'
[24.774s] INFO:colcon.colcon_core.shell:Creating environment descriptor '/home/fauzan/cobagazebo/install/robotverseny_bringup/share/robotverseny_bringup/hook/cmake_prefix_path.dsv'
[24.774s] INFO:colcon.colcon_core.shell:Creating environment hook '/home/fauzan/cobagazebo/install/robotverseny_bringup/share/robotverseny_bringup/hook/cmake_prefix_path.sh'
[24.775s] Level 1:colcon.colcon_core.environment:checking '/home/fauzan/cobagazebo/install/robotverseny_bringup/bin'
[24.775s] Level 1:colcon.colcon_core.environment:checking '/home/fauzan/cobagazebo/install/robotverseny_bringup/lib/pkgconfig/robotverseny_bringup.pc'
[24.775s] Level 1:colcon.colcon_core.environment:checking '/home/fauzan/cobagazebo/install/robotverseny_bringup/lib/python3.10/site-packages'
[24.775s] Level 1:colcon.colcon_core.environment:checking '/home/fauzan/cobagazebo/install/robotverseny_bringup/bin'
[24.776s] INFO:colcon.colcon_core.shell:Creating package script '/home/fauzan/cobagazebo/install/robotverseny_bringup/share/robotverseny_bringup/package.ps1'
[24.776s] INFO:colcon.colcon_core.shell:Creating package descriptor '/home/fauzan/cobagazebo/install/robotverseny_bringup/share/robotverseny_bringup/package.dsv'
[24.776s] INFO:colcon.colcon_core.shell:Creating package script '/home/fauzan/cobagazebo/install/robotverseny_bringup/share/robotverseny_bringup/package.sh'
[24.777s] INFO:colcon.colcon_core.shell:Creating package script '/home/fauzan/cobagazebo/install/robotverseny_bringup/share/robotverseny_bringup/package.bash'
[24.777s] INFO:colcon.colcon_core.shell:Creating package script '/home/fauzan/cobagazebo/install/robotverseny_bringup/share/robotverseny_bringup/package.zsh'
[24.777s] Level 1:colcon.colcon_core.environment:create_file_with_runtime_dependencies(/home/fauzan/cobagazebo/install/robotverseny_bringup/share/colcon-core/packages/robotverseny_bringup)
[24.799s] Level 1:colcon.colcon_core.environment:create_environment_scripts_only(robotverseny_bringup)
[24.799s] Level 1:colcon.colcon_core.environment:checking '/home/fauzan/cobagazebo/install/robotverseny_bringup' for CMake module files
[24.800s] Level 1:colcon.colcon_core.environment:checking '/home/fauzan/cobagazebo/install/robotverseny_bringup' for CMake config files
[24.800s] Level 1:colcon.colcon_core.shell:create_environment_hook('robotverseny_bringup', 'cmake_prefix_path')
[24.800s] INFO:colcon.colcon_core.shell:Creating environment hook '/home/fauzan/cobagazebo/install/robotverseny_bringup/share/robotverseny_bringup/hook/cmake_prefix_path.ps1'
[24.800s] INFO:colcon.colcon_core.shell:Creating environment descriptor '/home/fauzan/cobagazebo/install/robotverseny_bringup/share/robotverseny_bringup/hook/cmake_prefix_path.dsv'
[24.801s] INFO:colcon.colcon_core.shell:Creating environment hook '/home/fauzan/cobagazebo/install/robotverseny_bringup/share/robotverseny_bringup/hook/cmake_prefix_path.sh'
[24.801s] Level 1:colcon.colcon_core.environment:checking '/home/fauzan/cobagazebo/install/robotverseny_bringup/bin'
[24.801s] Level 1:colcon.colcon_core.environment:checking '/home/fauzan/cobagazebo/install/robotverseny_bringup/lib/pkgconfig/robotverseny_bringup.pc'
[24.801s] Level 1:colcon.colcon_core.environment:checking '/home/fauzan/cobagazebo/install/robotverseny_bringup/lib/python3.10/site-packages'
[24.801s] Level 1:colcon.colcon_core.environment:checking '/home/fauzan/cobagazebo/install/robotverseny_bringup/bin'
[24.802s] INFO:colcon.colcon_core.shell:Creating package script '/home/fauzan/cobagazebo/install/robotverseny_bringup/share/robotverseny_bringup/package.ps1'
[24.802s] INFO:colcon.colcon_core.shell:Creating package descriptor '/home/fauzan/cobagazebo/install/robotverseny_bringup/share/robotverseny_bringup/package.dsv'
[24.802s] INFO:colcon.colcon_core.shell:Creating package script '/home/fauzan/cobagazebo/install/robotverseny_bringup/share/robotverseny_bringup/package.sh'
[24.803s] INFO:colcon.colcon_core.shell:Creating package script '/home/fauzan/cobagazebo/install/robotverseny_bringup/share/robotverseny_bringup/package.bash'
[24.803s] INFO:colcon.colcon_core.shell:Creating package script '/home/fauzan/cobagazebo/install/robotverseny_bringup/share/robotverseny_bringup/package.zsh'
[24.803s] Level 1:colcon.colcon_core.environment:create_file_with_runtime_dependencies(/home/fauzan/cobagazebo/install/robotverseny_bringup/share/colcon-core/packages/robotverseny_bringup)
[24.804s] DEBUG:colcon.colcon_parallel_executor.executor.parallel:closing loop
[24.805s] DEBUG:colcon.colcon_parallel_executor.executor.parallel:loop closed
[24.805s] DEBUG:colcon.colcon_parallel_executor.executor.parallel:run_until_complete finished with '0'
[24.805s] DEBUG:colcon.colcon_core.event_reactor:joining thread
[24.876s] INFO:colcon.colcon_core.plugin_system:Skipping extension 'colcon_notification.desktop_notification.notify_send': Could not find 'notify-send'
[24.876s] INFO:colcon.colcon_core.plugin_system:Skipping extension 'colcon_notification.desktop_notification.terminal_notifier': Not used on non-Darwin systems
[24.876s] INFO:colcon.colcon_core.plugin_system:Skipping extension 'colcon_notification.desktop_notification.win32': Not used on non-Windows systems
[24.876s] INFO:colcon.colcon_notification.desktop_notification:Sending desktop notification using 'notify2'
[24.878s] DEBUG:colcon.colcon_notification.desktop_notification.notify2:Failed to initialize notify2: org.freedesktop.DBus.Error.FileNotFound: Failed to connect to socket /run/user/1000/bus: No such file or directory
[24.878s] DEBUG:colcon.colcon_core.event_reactor:joined thread
[24.879s] INFO:colcon.colcon_core.shell:Creating prefix script '/home/fauzan/cobagazebo/install/local_setup.ps1'
[24.880s] INFO:colcon.colcon_core.shell:Creating prefix util module '/home/fauzan/cobagazebo/install/_local_setup_util_ps1.py'
[24.882s] INFO:colcon.colcon_core.shell:Creating prefix chain script '/home/fauzan/cobagazebo/install/setup.ps1'
[24.884s] INFO:colcon.colcon_core.shell:Creating prefix script '/home/fauzan/cobagazebo/install/local_setup.sh'
[24.885s] INFO:colcon.colcon_core.shell:Creating prefix util module '/home/fauzan/cobagazebo/install/_local_setup_util_sh.py'
[24.885s] INFO:colcon.colcon_core.shell:Creating prefix chain script '/home/fauzan/cobagazebo/install/setup.sh'
[24.887s] INFO:colcon.colcon_core.shell:Creating prefix script '/home/fauzan/cobagazebo/install/local_setup.bash'
[24.888s] INFO:colcon.colcon_core.shell:Creating prefix chain script '/home/fauzan/cobagazebo/install/setup.bash'
[24.890s] INFO:colcon.colcon_core.shell:Creating prefix script '/home/fauzan/cobagazebo/install/local_setup.zsh'
[24.891s] INFO:colcon.colcon_core.shell:Creating prefix chain script '/home/fauzan/cobagazebo/install/setup.zsh'
