[0.026s] Invoking command in '/home/fauzan/cobagazebo/build/robotverseny_description': CMAKE_PREFIX_PATH=${CMAKE_PREFIX_PATH}:/opt/ros/humble /usr/bin/cmake /home/fauzan/cobagazebo/src/robotverseny/robotverseny_description -DAMENT_CMAKE_SYMLINK_INSTALL=1 -DCMAKE_INSTALL_PREFIX=/home/fauzan/cobagazebo/install/robotverseny_description
[0.357s] -- The C compiler identification is GNU 11.4.0
[0.746s] -- The CXX compiler identification is GNU 11.4.0
[1.001s] -- Detecting C compiler ABI info
[1.122s] -- Detecting C compiler ABI info - done
[1.131s] -- Check for working C compiler: /usr/bin/cc - skipped
[1.132s] -- Detecting C compile features
[1.134s] -- Detecting C compile features - done
[1.140s] -- Detecting CXX compiler ABI info
[1.264s] -- Detecting CXX compiler ABI info - done
[1.272s] -- Check for working CXX compiler: /usr/bin/c++ - skipped
[1.272s] -- Detecting CXX compile features
[1.273s] -- Detecting CXX compile features - done
[1.280s] -- Found ament_cmake: 1.3.10 (/opt/ros/humble/share/ament_cmake/cmake)
[1.439s] -- Found Python3: /usr/bin/python3 (found version "3.10.12") found components: Interpreter 
[1.523s] -- Override CMake install command with custom implementation using symlinks instead of copying resources
[1.567s] -- Found ament_lint_auto: 0.12.11 (/opt/ros/humble/share/ament_lint_auto/cmake)
[1.641s] -- Configuring done
[1.643s] -- Generating done
[1.645s] -- Build files have been written to: /home/fauzan/cobagazebo/build/robotverseny_description
[1.652s] Invoked command in '/home/fauzan/cobagazebo/build/robotverseny_description' returned '0': CMAKE_PREFIX_PATH=${CMAKE_PREFIX_PATH}:/opt/ros/humble /usr/bin/cmake /home/fauzan/cobagazebo/src/robotverseny/robotverseny_description -DAMENT_CMAKE_SYMLINK_INSTALL=1 -DCMAKE_INSTALL_PREFIX=/home/fauzan/cobagazebo/install/robotverseny_description
[1.655s] Invoking command in '/home/fauzan/cobagazebo/build/robotverseny_description': CMAKE_PREFIX_PATH=${CMAKE_PREFIX_PATH}:/opt/ros/humble /usr/bin/cmake --build /home/fauzan/cobagazebo/build/robotverseny_description -- -j8 -l8
[1.688s] Invoked command in '/home/fauzan/cobagazebo/build/robotverseny_description' returned '0': CMAKE_PREFIX_PATH=${CMAKE_PREFIX_PATH}:/opt/ros/humble /usr/bin/cmake --build /home/fauzan/cobagazebo/build/robotverseny_description -- -j8 -l8
[1.717s] Invoking command in '/home/fauzan/cobagazebo/build/robotverseny_description': CMAKE_PREFIX_PATH=${CMAKE_PREFIX_PATH}:/opt/ros/humble /usr/bin/cmake --install /home/fauzan/cobagazebo/build/robotverseny_description
[1.722s] -- Install configuration: ""
[1.722s] -- Execute custom install script
[1.724s] -- Symlinking: /home/fauzan/cobagazebo/install/robotverseny_description/share/robotverseny_description/models/diff_drive/model.config
[1.730s] -- Symlinking: /home/fauzan/cobagazebo/install/robotverseny_description/share/robotverseny_description/models/diff_drive/model.sdf
[1.738s] -- Symlinking: /home/fauzan/cobagazebo/install/robotverseny_description/share/robotverseny_description/models/roboworks/meshes/AsphaltTexture.png
[1.745s] -- Symlinking: /home/fauzan/cobagazebo/install/robotverseny_description/share/robotverseny_description/models/roboworks/meshes/chassis.dae
[1.752s] -- Symlinking: /home/fauzan/cobagazebo/install/robotverseny_description/share/robotverseny_description/models/roboworks/meshes/lidar.dae
[1.761s] -- Symlinking: /home/fauzan/cobagazebo/install/robotverseny_description/share/robotverseny_description/models/roboworks/meshes/textures/AsphaltTexture.png
[1.767s] -- Symlinking: /home/fauzan/cobagazebo/install/robotverseny_description/share/robotverseny_description/models/roboworks/meshes/textures/concrete.png
[1.774s] -- Symlinking: /home/fauzan/cobagazebo/install/robotverseny_description/share/robotverseny_description/models/roboworks/meshes/tire.dae
[1.783s] -- Symlinking: /home/fauzan/cobagazebo/install/robotverseny_description/share/robotverseny_description/models/roboworks/meshes/trackWalls.dae
[1.790s] -- Symlinking: /home/fauzan/cobagazebo/install/robotverseny_description/share/robotverseny_description/models/roboworks/meshes/track_road.dae
[1.798s] -- Symlinking: /home/fauzan/cobagazebo/install/robotverseny_description/share/robotverseny_description/models/roboworks/meshes/track_stripes.dae
[1.806s] -- Symlinking: /home/fauzan/cobagazebo/install/robotverseny_description/share/robotverseny_description/models/roboworks/meshes/track_walls.dae
[1.813s] -- Symlinking: /home/fauzan/cobagazebo/install/robotverseny_description/share/robotverseny_description/models/roboworks/meshes/wheel.dae
[1.819s] -- Symlinking: /home/fauzan/cobagazebo/install/robotverseny_description/share/robotverseny_description/models/roboworks/model.config
[1.828s] -- Symlinking: /home/fauzan/cobagazebo/install/robotverseny_description/share/robotverseny_description/models/roboworks/model.sdf
[1.836s] -- Symlinking: /home/fauzan/cobagazebo/install/robotverseny_description/share/robotverseny_description/models/rrbot/model.sdf
[1.844s] -- Symlinking: /home/fauzan/cobagazebo/install/robotverseny_description/share/robotverseny_description/environment/robotverseny_description.dsv
[1.851s] -- Symlinking: /home/fauzan/cobagazebo/install/robotverseny_description/share/robotverseny_description/environment/robotverseny_description.sh
[1.858s] -- Symlinking: /home/fauzan/cobagazebo/install/robotverseny_description/share/ament_index/resource_index/package_run_dependencies/robotverseny_description
[1.865s] -- Symlinking: /home/fauzan/cobagazebo/install/robotverseny_description/share/ament_index/resource_index/parent_prefix_path/robotverseny_description
[1.873s] -- Symlinking: /home/fauzan/cobagazebo/install/robotverseny_description/share/robotverseny_description/environment/ament_prefix_path.sh
[1.882s] -- Symlinking: /home/fauzan/cobagazebo/install/robotverseny_description/share/robotverseny_description/environment/ament_prefix_path.dsv
[1.890s] -- Symlinking: /home/fauzan/cobagazebo/install/robotverseny_description/share/robotverseny_description/environment/path.sh
[1.900s] -- Symlinking: /home/fauzan/cobagazebo/install/robotverseny_description/share/robotverseny_description/environment/path.dsv
[1.906s] -- Symlinking: /home/fauzan/cobagazebo/install/robotverseny_description/share/robotverseny_description/local_setup.bash
[1.913s] -- Symlinking: /home/fauzan/cobagazebo/install/robotverseny_description/share/robotverseny_description/local_setup.sh
[1.921s] -- Symlinking: /home/fauzan/cobagazebo/install/robotverseny_description/share/robotverseny_description/local_setup.zsh
[1.929s] -- Symlinking: /home/fauzan/cobagazebo/install/robotverseny_description/share/robotverseny_description/local_setup.dsv
[1.937s] -- Symlinking: /home/fauzan/cobagazebo/install/robotverseny_description/share/robotverseny_description/package.dsv
[1.946s] -- Symlinking: /home/fauzan/cobagazebo/install/robotverseny_description/share/ament_index/resource_index/packages/robotverseny_description
[1.955s] -- Symlinking: /home/fauzan/cobagazebo/install/robotverseny_description/share/robotverseny_description/cmake/robotverseny_descriptionConfig.cmake
[1.963s] -- Symlinking: /home/fauzan/cobagazebo/install/robotverseny_description/share/robotverseny_description/cmake/robotverseny_descriptionConfig-version.cmake
[1.970s] -- Symlinking: /home/fauzan/cobagazebo/install/robotverseny_description/share/robotverseny_description/package.xml
[1.980s] Invoked command in '/home/fauzan/cobagazebo/build/robotverseny_description' returned '0': CMAKE_PREFIX_PATH=${CMAKE_PREFIX_PATH}:/opt/ros/humble /usr/bin/cmake --install /home/fauzan/cobagazebo/build/robotverseny_description
