[0.076s] Invoking command in '/home/fauzan/cobagazebo/build/robotverseny_bringup': CMAKE_PREFIX_PATH=/home/fauzan/cobagazebo/install/robotverseny_gazebo:/home/fauzan/cobagazebo/install/robotverseny_description:/home/fauzan/cobagazebo/install/robotverseny_bringup:/home/fauzan/cobagazebo/install/robotverseny_application:/opt/ros/humble IGN_GAZEBO_PLUGIN_PATH=/home/fauzan/cobagazebo/install/robotverseny_gazebo/lib/robotverseny_gazebo IGN_GAZEBO_RESOURCE_PATH=/home/fauzan/cobagazebo/install/robotverseny_description/share/robotverseny_description/models:${IGN_GAZEBO_RESOURCE_PATH} /usr/bin/cmake --build /home/fauzan/cobagazebo/build/robotverseny_bringup -- -j8 -l8
[0.106s] Invoked command in '/home/fauzan/cobagazebo/build/robotverseny_bringup' returned '0': CMAKE_PREFIX_PATH=/home/fauzan/cobagazebo/install/robotverseny_gazebo:/home/fauzan/cobagazebo/install/robotverseny_description:/home/fauzan/cobagazebo/install/robotverseny_bringup:/home/fauzan/cobagazebo/install/robotverseny_application:/opt/ros/humble IGN_GAZEBO_PLUGIN_PATH=/home/fauzan/cobagazebo/install/robotverseny_gazebo/lib/robotverseny_gazebo IGN_GAZEBO_RESOURCE_PATH=/home/fauzan/cobagazebo/install/robotverseny_description/share/robotverseny_description/models:${IGN_GAZEBO_RESOURCE_PATH} /usr/bin/cmake --build /home/fauzan/cobagazebo/build/robotverseny_bringup -- -j8 -l8
[0.127s] Invoking command in '/home/fauzan/cobagazebo/build/robotverseny_bringup': CMAKE_PREFIX_PATH=/home/fauzan/cobagazebo/install/robotverseny_gazebo:/home/fauzan/cobagazebo/install/robotverseny_description:/home/fauzan/cobagazebo/install/robotverseny_bringup:/home/fauzan/cobagazebo/install/robotverseny_application:/opt/ros/humble IGN_GAZEBO_PLUGIN_PATH=/home/fauzan/cobagazebo/install/robotverseny_gazebo/lib/robotverseny_gazebo IGN_GAZEBO_RESOURCE_PATH=/home/fauzan/cobagazebo/install/robotverseny_description/share/robotverseny_description/models:${IGN_GAZEBO_RESOURCE_PATH} /usr/bin/cmake --install /home/fauzan/cobagazebo/build/robotverseny_bringup
[0.132s] -- Install configuration: ""
[0.133s] -- Execute custom install script
[0.133s] -- Up-to-date symlink: /home/fauzan/cobagazebo/install/robotverseny_bringup/share/robotverseny_bringup/launch/diff_drive.launch.py
[0.133s] -- Up-to-date symlink: /home/fauzan/cobagazebo/install/robotverseny_bringup/share/robotverseny_bringup/launch/roboworks.launch.py
[0.134s] -- Up-to-date symlink: /home/fauzan/cobagazebo/install/robotverseny_bringup/share/robotverseny_bringup/launch/rrbot_setup.launch.py
[0.134s] -- Up-to-date symlink: /home/fauzan/cobagazebo/install/robotverseny_bringup/share/robotverseny_bringup/config/diff_drive.rviz
[0.134s] -- Up-to-date symlink: /home/fauzan/cobagazebo/install/robotverseny_bringup/share/robotverseny_bringup/config/robotverseny.rviz
[0.134s] -- Up-to-date symlink: /home/fauzan/cobagazebo/install/robotverseny_bringup/share/robotverseny_bringup/config/robotverseny_bridge.yaml
[0.134s] -- Up-to-date symlink: /home/fauzan/cobagazebo/install/robotverseny_bringup/share/robotverseny_bringup/config/ros_gz_example_bridge.yaml
[0.135s] -- Up-to-date symlink: /home/fauzan/cobagazebo/install/robotverseny_bringup/share/robotverseny_bringup/config/rrbot.rviz
[0.135s] -- Up-to-date symlink: /home/fauzan/cobagazebo/install/robotverseny_bringup/share/ament_index/resource_index/package_run_dependencies/robotverseny_bringup
[0.135s] -- Up-to-date symlink: /home/fauzan/cobagazebo/install/robotverseny_bringup/share/ament_index/resource_index/parent_prefix_path/robotverseny_bringup
[0.135s] -- Up-to-date symlink: /home/fauzan/cobagazebo/install/robotverseny_bringup/share/robotverseny_bringup/environment/ament_prefix_path.sh
[0.135s] -- Up-to-date symlink: /home/fauzan/cobagazebo/install/robotverseny_bringup/share/robotverseny_bringup/environment/ament_prefix_path.dsv
[0.136s] -- Up-to-date symlink: /home/fauzan/cobagazebo/install/robotverseny_bringup/share/robotverseny_bringup/environment/path.sh
[0.136s] -- Up-to-date symlink: /home/fauzan/cobagazebo/install/robotverseny_bringup/share/robotverseny_bringup/environment/path.dsv
[0.136s] -- Up-to-date symlink: /home/fauzan/cobagazebo/install/robotverseny_bringup/share/robotverseny_bringup/local_setup.bash
[0.136s] -- Up-to-date symlink: /home/fauzan/cobagazebo/install/robotverseny_bringup/share/robotverseny_bringup/local_setup.sh
[0.137s] -- Up-to-date symlink: /home/fauzan/cobagazebo/install/robotverseny_bringup/share/robotverseny_bringup/local_setup.zsh
[0.137s] -- Up-to-date symlink: /home/fauzan/cobagazebo/install/robotverseny_bringup/share/robotverseny_bringup/local_setup.dsv
[0.137s] -- Symlinking: /home/fauzan/cobagazebo/install/robotverseny_bringup/share/robotverseny_bringup/package.dsv
[0.144s] -- Up-to-date symlink: /home/fauzan/cobagazebo/install/robotverseny_bringup/share/ament_index/resource_index/packages/robotverseny_bringup
[0.144s] -- Up-to-date symlink: /home/fauzan/cobagazebo/install/robotverseny_bringup/share/robotverseny_bringup/cmake/robotverseny_bringupConfig.cmake
[0.144s] -- Up-to-date symlink: /home/fauzan/cobagazebo/install/robotverseny_bringup/share/robotverseny_bringup/cmake/robotverseny_bringupConfig-version.cmake
[0.144s] -- Up-to-date symlink: /home/fauzan/cobagazebo/install/robotverseny_bringup/share/robotverseny_bringup/package.xml
[0.146s] Invoked command in '/home/fauzan/cobagazebo/build/robotverseny_bringup' returned '0': CMAKE_PREFIX_PATH=/home/fauzan/cobagazebo/install/robotverseny_gazebo:/home/fauzan/cobagazebo/install/robotverseny_description:/home/fauzan/cobagazebo/install/robotverseny_bringup:/home/fauzan/cobagazebo/install/robotverseny_application:/opt/ros/humble IGN_GAZEBO_PLUGIN_PATH=/home/fauzan/cobagazebo/install/robotverseny_gazebo/lib/robotverseny_gazebo IGN_GAZEBO_RESOURCE_PATH=/home/fauzan/cobagazebo/install/robotverseny_description/share/robotverseny_description/models:${IGN_GAZEBO_RESOURCE_PATH} /usr/bin/cmake --install /home/fauzan/cobagazebo/build/robotverseny_bringup
