[0.017s] Invoking command in '/home/fauzan/cobagazebo/build/robotverseny_application': CMAKE_PREFIX_PATH=${CMAKE_PREFIX_PATH}:/opt/ros/humble /usr/bin/cmake /home/fauzan/cobagazebo/src/robotverseny/robotverseny_application -DAMENT_CMAKE_SYMLINK_INSTALL=1 -DCMAKE_INSTALL_PREFIX=/home/fauzan/cobagazebo/install/robotverseny_application
[0.341s] -- The C compiler identification is GNU 11.4.0
[0.731s] -- The CXX compiler identification is GNU 11.4.0
[0.986s] -- Detecting C compiler ABI info
[1.110s] -- Detecting C compiler ABI info - done
[1.118s] -- Check for working C compiler: /usr/bin/cc - skipped
[1.118s] -- Detecting C compile features
[1.119s] -- Detecting C compile features - done
[1.126s] -- Detecting CXX compiler ABI info
[1.251s] -- Detecting CXX compiler ABI info - done
[1.257s] -- Check for working CXX compiler: /usr/bin/c++ - skipped
[1.257s] -- Detecting CXX compile features
[1.257s] -- Detecting CXX compile features - done
[1.266s] -- Found ament_cmake: 1.3.10 (/opt/ros/humble/share/ament_cmake/cmake)
[1.425s] -- Found Python3: /usr/bin/python3 (found version "3.10.12") found components: Interpreter 
[1.508s] -- Override CMake install command with custom implementation using symlinks instead of copying resources
[1.625s] -- Configuring done
[1.628s] -- Generating done
[1.629s] -- Build files have been written to: /home/fauzan/cobagazebo/build/robotverseny_application
[1.635s] Invoked command in '/home/fauzan/cobagazebo/build/robotverseny_application' returned '0': CMAKE_PREFIX_PATH=${CMAKE_PREFIX_PATH}:/opt/ros/humble /usr/bin/cmake /home/fauzan/cobagazebo/src/robotverseny/robotverseny_application -DAMENT_CMAKE_SYMLINK_INSTALL=1 -DCMAKE_INSTALL_PREFIX=/home/fauzan/cobagazebo/install/robotverseny_application
[1.637s] Invoking command in '/home/fauzan/cobagazebo/build/robotverseny_application': CMAKE_PREFIX_PATH=${CMAKE_PREFIX_PATH}:/opt/ros/humble /usr/bin/cmake --build /home/fauzan/cobagazebo/build/robotverseny_application -- -j8 -l8
[1.668s] Invoked command in '/home/fauzan/cobagazebo/build/robotverseny_application' returned '0': CMAKE_PREFIX_PATH=${CMAKE_PREFIX_PATH}:/opt/ros/humble /usr/bin/cmake --build /home/fauzan/cobagazebo/build/robotverseny_application -- -j8 -l8
[1.699s] Invoking command in '/home/fauzan/cobagazebo/build/robotverseny_application': CMAKE_PREFIX_PATH=${CMAKE_PREFIX_PATH}:/opt/ros/humble /usr/bin/cmake --install /home/fauzan/cobagazebo/build/robotverseny_application
[1.705s] -- Install configuration: ""
[1.705s] -- Execute custom install script
[1.706s] -- Symlinking: /home/fauzan/cobagazebo/install/robotverseny_application/share/ament_index/resource_index/package_run_dependencies/robotverseny_application
[1.714s] -- Symlinking: /home/fauzan/cobagazebo/install/robotverseny_application/share/ament_index/resource_index/parent_prefix_path/robotverseny_application
[1.721s] -- Symlinking: /home/fauzan/cobagazebo/install/robotverseny_application/share/robotverseny_application/environment/ament_prefix_path.sh
[1.728s] -- Symlinking: /home/fauzan/cobagazebo/install/robotverseny_application/share/robotverseny_application/environment/ament_prefix_path.dsv
[1.735s] -- Symlinking: /home/fauzan/cobagazebo/install/robotverseny_application/share/robotverseny_application/environment/path.sh
[1.742s] -- Symlinking: /home/fauzan/cobagazebo/install/robotverseny_application/share/robotverseny_application/environment/path.dsv
[1.749s] -- Symlinking: /home/fauzan/cobagazebo/install/robotverseny_application/share/robotverseny_application/local_setup.bash
[1.756s] -- Symlinking: /home/fauzan/cobagazebo/install/robotverseny_application/share/robotverseny_application/local_setup.sh
[1.765s] -- Symlinking: /home/fauzan/cobagazebo/install/robotverseny_application/share/robotverseny_application/local_setup.zsh
[1.774s] -- Symlinking: /home/fauzan/cobagazebo/install/robotverseny_application/share/robotverseny_application/local_setup.dsv
[1.781s] -- Symlinking: /home/fauzan/cobagazebo/install/robotverseny_application/share/robotverseny_application/package.dsv
[1.790s] -- Symlinking: /home/fauzan/cobagazebo/install/robotverseny_application/share/ament_index/resource_index/packages/robotverseny_application
[1.798s] -- Symlinking: /home/fauzan/cobagazebo/install/robotverseny_application/share/robotverseny_application/cmake/robotverseny_applicationConfig.cmake
[1.806s] -- Symlinking: /home/fauzan/cobagazebo/install/robotverseny_application/share/robotverseny_application/cmake/robotverseny_applicationConfig-version.cmake
[1.813s] -- Symlinking: /home/fauzan/cobagazebo/install/robotverseny_application/share/robotverseny_application/package.xml
[1.824s] Invoked command in '/home/fauzan/cobagazebo/build/robotverseny_application' returned '0': CMAKE_PREFIX_PATH=${CMAKE_PREFIX_PATH}:/opt/ros/humble /usr/bin/cmake --install /home/fauzan/cobagazebo/build/robotverseny_application
