-- The C compiler identification is GNU 11.4.0
-- The CXX compiler identification is GNU 11.4.0
-- Detecting C compiler ABI info
-- Detecting C compiler ABI info - done
-- Check for working C compiler: /usr/bin/cc - skipped
-- Detecting C compile features
-- Detecting C compile features - done
-- Detecting CXX compiler ABI info
-- Detecting CXX compiler ABI info - done
-- Check for working CXX compiler: /usr/bin/c++ - skipped
-- Detecting CXX compile features
-- Detecting CXX compile features - done
-- Found ament_cmake: 1.3.10 (/opt/ros/humble/share/ament_cmake/cmake)
-- Found Python3: /usr/bin/python3 (found version "3.10.12") found components: Interpreter 
-- Override CMake install command with custom implementation using symlinks instead of copying resources
-- Found robotverseny_description: 0.0.0 (/home/fauzan/cobagazebo/install/robotverseny_description/share/robotverseny_description/cmake)
-- Found robotverseny_gazebo: 0.0.0 (/home/fauzan/cobagazebo/install/robotverseny_gazebo/share/robotverseny_gazebo/cmake)
-- Found ament_lint_auto: 0.12.11 (/opt/ros/humble/share/ament_lint_auto/cmake)
-- Configuring done
-- Generating done
-- Build files have been written to: /home/fauzan/cobagazebo/build/robotverseny_bringup
-- Install configuration: ""
-- Execute custom install script
-- Symlinking: /home/fauzan/cobagazebo/install/robotverseny_bringup/share/robotverseny_bringup/launch/diff_drive.launch.py
-- Symlinking: /home/fauzan/cobagazebo/install/robotverseny_bringup/share/robotverseny_bringup/launch/roboworks.launch.py
-- Symlinking: /home/fauzan/cobagazebo/install/robotverseny_bringup/share/robotverseny_bringup/launch/rrbot_setup.launch.py
-- Symlinking: /home/fauzan/cobagazebo/install/robotverseny_bringup/share/robotverseny_bringup/config/diff_drive.rviz
-- Symlinking: /home/fauzan/cobagazebo/install/robotverseny_bringup/share/robotverseny_bringup/config/robotverseny.rviz
-- Symlinking: /home/fauzan/cobagazebo/install/robotverseny_bringup/share/robotverseny_bringup/config/robotverseny_bridge.yaml
-- Symlinking: /home/fauzan/cobagazebo/install/robotverseny_bringup/share/robotverseny_bringup/config/ros_gz_example_bridge.yaml
-- Symlinking: /home/fauzan/cobagazebo/install/robotverseny_bringup/share/robotverseny_bringup/config/rrbot.rviz
-- Symlinking: /home/fauzan/cobagazebo/install/robotverseny_bringup/share/ament_index/resource_index/package_run_dependencies/robotverseny_bringup
-- Symlinking: /home/fauzan/cobagazebo/install/robotverseny_bringup/share/ament_index/resource_index/parent_prefix_path/robotverseny_bringup
-- Symlinking: /home/fauzan/cobagazebo/install/robotverseny_bringup/share/robotverseny_bringup/environment/ament_prefix_path.sh
-- Symlinking: /home/fauzan/cobagazebo/install/robotverseny_bringup/share/robotverseny_bringup/environment/ament_prefix_path.dsv
-- Symlinking: /home/fauzan/cobagazebo/install/robotverseny_bringup/share/robotverseny_bringup/environment/path.sh
-- Symlinking: /home/fauzan/cobagazebo/install/robotverseny_bringup/share/robotverseny_bringup/environment/path.dsv
-- Symlinking: /home/fauzan/cobagazebo/install/robotverseny_bringup/share/robotverseny_bringup/local_setup.bash
-- Symlinking: /home/fauzan/cobagazebo/install/robotverseny_bringup/share/robotverseny_bringup/local_setup.sh
-- Symlinking: /home/fauzan/cobagazebo/install/robotverseny_bringup/share/robotverseny_bringup/local_setup.zsh
-- Symlinking: /home/fauzan/cobagazebo/install/robotverseny_bringup/share/robotverseny_bringup/local_setup.dsv
-- Symlinking: /home/fauzan/cobagazebo/install/robotverseny_bringup/share/robotverseny_bringup/package.dsv
-- Symlinking: /home/fauzan/cobagazebo/install/robotverseny_bringup/share/ament_index/resource_index/packages/robotverseny_bringup
-- Symlinking: /home/fauzan/cobagazebo/install/robotverseny_bringup/share/robotverseny_bringup/cmake/robotverseny_bringupConfig.cmake
-- Symlinking: /home/fauzan/cobagazebo/install/robotverseny_bringup/share/robotverseny_bringup/cmake/robotverseny_bringupConfig-version.cmake
-- Symlinking: /home/fauzan/cobagazebo/install/robotverseny_bringup/share/robotverseny_bringup/package.xml
